{"meta": {"format": 3, "version": "7.13.0", "timestamp": "2026-01-15T10:49:38.773610", "branch_coverage": true, "show_contexts": false}, "files": {"mcp_launchpad/__init__.py": {"executed_lines": [1, 3, 5, 6, 10, 29], "summary": {"covered_lines": 5, "num_statements": 26, "percent_covered": 13.157894736842104, "percent_covered_display": "13", "missing_lines": 21, "excluded_lines": 0, "percent_statements_covered": 19.23076923076923, "percent_statements_covered_display": "19", "num_branches": 12, "num_partial_branches": 0, "covered_branches": 0, "missing_branches": 12, "percent_branches_covered": 0.0, "percent_branches_covered_display": "0"}, "missing_lines": [7, 8, 31, 32, 34, 39, 40, 42, 43, 44, 46, 47, 48, 50, 55, 56, 58, 59, 60, 62, 63], "excluded_lines": [], "executed_branches": [], "missing_branches": [[31, 32], [31, 39], [39, 40], [39, 43], [43, 44], [43, 47], [47, 48], [47, 55], [55, 56], [55, 59], [59, 60], [59, 63]], "functions": {"__getattr__": {"executed_lines": [], "summary": {"covered_lines": 0, "num_statements": 19, "percent_covered": 0.0, "percent_covered_display": "0", "missing_lines": 19, "excluded_lines": 0, "percent_statements_covered": 0.0, "percent_statements_covered_display": "0", "num_branches": 12, "num_partial_branches": 0, "covered_branches": 0, "missing_branches": 12, "percent_branches_covered": 0.0, "percent_branches_covered_display": "0"}, "missing_lines": [31, 32, 34, 39, 40, 42, 43, 44, 46, 47, 48, 50, 55, 56, 58, 59, 60, 62, 63], "excluded_lines": [], "executed_branches": [], "missing_branches": [[31, 32], [31, 39], [39, 40], [39, 43], [43, 44], [43, 47], [47, 48], [47, 55], [55, 56], [55, 59], [59, 60], [59, 63]]}, "": {"executed_lines": [1, 3, 5, 6, 10, 29], "summary": {"covered_lines": 5, "num_statements": 7, "percent_covered": 71.42857142857143, "percent_covered_display": "71", "missing_lines": 2, "excluded_lines": 0, "percent_statements_covered": 71.42857142857143, "percent_statements_covered_display": "71", "num_branches": 0, "num_partial_branches": 0, "covered_branches": 0, "missing_branches": 0, "percent_branches_covered": 100.0, "percent_branches_covered_display": "100"}, "missing_lines": [7, 8], "excluded_lines": [], "executed_branches": [], "missing_branches": []}}, "classes": {"": {"executed_lines": [1, 3, 5, 6, 10, 29], "summary": {"covered_lines": 5, "num_statements": 26, "percent_covered": 13.157894736842104, "percent_covered_display": "13", "missing_lines": 21, "excluded_lines": 0, "percent_statements_covered": 19.23076923076923, "percent_statements_covered_display": "19", "num_branches": 12, "num_partial_branches": 0, "covered_branches": 0, "missing_branches": 12, "percent_branches_covered": 0.0, "percent_branches_covered_display": "0"}, "missing_lines": [7, 8, 31, 32, 34, 39, 40, 42, 43, 44, 46, 47, 48, 50, 55, 56, 58, 59, 60, 62, 63], "excluded_lines": [], "executed_branches": [], "missing_branches": [[31, 32], [31, 39], [39, 40], [39, 43], [43, 44], [43, 47], [47, 48], [47, 55], [55, 56], [55, 59], [59, 60], [59, 63]]}}}, "mcp_launchpad/cache.py": {"executed_lines": [], "summary": {"covered_lines": 0, "num_statements": 98, "percent_covered": 0.0, "percent_covered_display": "0", "missing_lines": 98, "excluded_lines": 0, "percent_statements_covered": 0.0, "percent_statements_covered_display": "0", "num_branches": 26, "num_partial_branches": 0, "covered_branches": 0, "missing_branches": 26, "percent_branches_covered": 0.0, "percent_branches_covered_display": "0"}, "missing_lines": [3, 4, 5, 6, 7, 8, 10, 11, 14, 17, 20, 21, 24, 25, 26, 28, 30, 36, 37, 39, 46, 49, 50, 51, 52, 53, 55, 57, 59, 61, 62, 63, 65, 67, 68, 69, 70, 71, 72, 73, 75, 77, 78, 79, 81, 83, 84, 85, 86, 87, 88, 89, 90, 92, 94, 95, 96, 98, 100, 101, 102, 105, 106, 107, 110, 111, 112, 114, 116, 118, 119, 120, 122, 137, 138, 140, 141, 142, 143, 146, 150, 151, 152, 153, 154, 155, 156, 157, 158, 159, 160, 161, 162, 165, 166, 174, 175, 179], "excluded_lines": [], "executed_branches": [], "missing_branches": [[61, 62], [61, 63], [67, 68], [67, 69], [83, 84], [83, 85], [101, 102], [101, 105], [106, 107], [106, 110], [111, 112], [111, 114], [118, 119], [118, 120], [137, 138], [137, 140], [150, 151], [150, 165], [151, 152], [151, 153], [157, 150], [157, 158], [161, 150], [161, 162], [174, 175], [174, 179]], "functions": {"CacheMetadata.to_dict": {"executed_lines": [], "summary": {"covered_lines": 0, "num_statements": 1, "percent_covered": 0.0, "percent_covered_display": "0", "missing_lines": 1, "excluded_lines": 0, "percent_statements_covered": 0.0, "percent_statements_covered_display": "0", "num_branches": 0, "num_partial_branches": 0, "covered_branches": 0, "missing_branches": 0, "percent_branches_covered": 100.0, "percent_branches_covered_display": "100"}, "missing_lines": [30], "excluded_lines": [], "executed_branches": [], "missing_branches": []}, "CacheMetadata.from_dict": {"executed_lines": [], "summary": {"covered_lines": 0, "num_statements": 1, "percent_covered": 0.0, "percent_covered_display": "0", "missing_lines": 1, "excluded_lines": 0, "percent_statements_covered": 0.0, "percent_statements_covered_display": "0", "num_branches": 0, "num_partial_branches": 0, "covered_branches": 0, "missing_branches": 0, "percent_branches_covered": 100.0, "percent_branches_covered_display": "100"}, "missing_lines": [39], "excluded_lines": [], "executed_branches": [], "missing_branches": []}, "ToolCache.__init__": {"executed_lines": [], "summary": {"covered_lines": 0, "num_statements": 4, "percent_covered": 0.0, "percent_covered_display": "0", "missing_lines": 4, "excluded_lines": 0, "percent_statements_covered": 0.0, "percent_statements_covered_display": "0", "num_branches": 0, "num_partial_branches": 0, "covered_branches": 0, "missing_branches": 0, "percent_branches_covered": 100.0, "percent_branches_covered_display": "100"}, "missing_lines": [50, 51, 52, 53], "excluded_lines": [], "executed_branches": [], "missing_branches": []}, "ToolCache._ensure_cache_dir": {"executed_lines": [], "summary": {"covered_lines": 0, "num_statements": 1, "percent_covered": 0.0, "percent_covered_display": "0", "missing_lines": 1, "excluded_lines": 0, "percent_statements_covered": 0.0, "percent_statements_covered_display": "0", "num_branches": 0, "num_partial_branches": 0, "covered_branches": 0, "missing_branches": 0, "percent_branches_covered": 100.0, "percent_branches_covered_display": "100"}, "missing_lines": [57], "excluded_lines": [], "executed_branches": [], "missing_branches": []}, "ToolCache._get_config_mtime": {"executed_lines": [], "summary": {"covered_lines": 0, "num_statements": 3, "percent_covered": 0.0, "percent_covered_display": "0", "missing_lines": 3, "excluded_lines": 0, "percent_statements_covered": 0.0, "percent_statements_covered_display": "0", "num_branches": 2, "num_partial_branches": 0, "covered_branches": 0, "missing_branches": 2, "percent_branches_covered": 0.0, "percent_branches_covered_display": "0"}, "missing_lines": [61, 62, 63], "excluded_lines": [], "executed_branches": [], "missing_branches": [[61, 62], [61, 63]]}, "ToolCache._load_metadata": {"executed_lines": [], "summary": {"covered_lines": 0, "num_statements": 7, "percent_covered": 0.0, "percent_covered_display": "0", "missing_lines": 7, "excluded_lines": 0, "percent_statements_covered": 0.0, "percent_statements_covered_display": "0", "num_branches": 2, "num_partial_branches": 0, "covered_branches": 0, "missing_branches": 2, "percent_branches_covered": 0.0, "percent_branches_covered_display": "0"}, "missing_lines": [67, 68, 69, 70, 71, 72, 73], "excluded_lines": [], "executed_branches": [], "missing_branches": [[67, 68], [67, 69]]}, "ToolCache._save_metadata": {"executed_lines": [], "summary": {"covered_lines": 0, "num_statements": 3, "percent_covered": 0.0, "percent_covered_display": "0", "missing_lines": 3, "excluded_lines": 0, "percent_statements_covered": 0.0, "percent_statements_covered_display": "0", "num_branches": 0, "num_partial_branches": 0, "covered_branches": 0, "missing_branches": 0, "percent_branches_covered": 100.0, "percent_branches_covered_display": "100"}, "missing_lines": [77, 78, 79], "excluded_lines": [], "executed_branches": [], "missing_branches": []}, "ToolCache._load_tools": {"executed_lines": [], "summary": {"covered_lines": 0, "num_statements": 8, "percent_covered": 0.0, "percent_covered_display": "0", "missing_lines": 8, "excluded_lines": 0, "percent_statements_covered": 0.0, "percent_statements_covered_display": "0", "num_branches": 2, "num_partial_branches": 0, "covered_branches": 0, "missing_branches": 2, "percent_branches_covered": 0.0, "percent_branches_covered_display": "0"}, "missing_lines": [83, 84, 85, 86, 87, 88, 89, 90], "excluded_lines": [], "executed_branches": [], "missing_branches": [[83, 84], [83, 85]]}, "ToolCache._save_tools": {"executed_lines": [], "summary": {"covered_lines": 0, "num_statements": 3, "percent_covered": 0.0, "percent_covered_display": "0", "missing_lines": 3, "excluded_lines": 0, "percent_statements_covered": 0.0, "percent_statements_covered_display": "0", "num_branches": 0, "num_partial_branches": 0, "covered_branches": 0, "missing_branches": 0, "percent_branches_covered": 100.0, "percent_branches_covered_display": "100"}, "missing_lines": [94, 95, 96], "excluded_lines": [], "executed_branches": [], "missing_branches": []}, "ToolCache.is_cache_valid": {"executed_lines": [], "summary": {"covered_lines": 0, "num_statements": 10, "percent_covered": 0.0, "percent_covered_display": "0", "missing_lines": 10, "excluded_lines": 0, "percent_statements_covered": 0.0, "percent_statements_covered_display": "0", "num_branches": 6, "num_partial_branches": 0, "covered_branches": 0, "missing_branches": 6, "percent_branches_covered": 0.0, "percent_branches_covered_display": "0"}, "missing_lines": [100, 101, 102, 105, 106, 107, 110, 111, 112, 114], "excluded_lines": [], "executed_branches": [], "missing_branches": [[101, 102], [101, 105], [106, 107], [106, 110], [111, 112], [111, 114]]}, "ToolCache.get_tools": {"executed_lines": [], "summary": {"covered_lines": 0, "num_statements": 3, "percent_covered": 0.0, "percent_covered_display": "0", "missing_lines": 3, "excluded_lines": 0, "percent_statements_covered": 0.0, "percent_statements_covered_display": "0", "num_branches": 2, "num_partial_branches": 0, "covered_branches": 0, "missing_branches": 2, "percent_branches_covered": 0.0, "percent_branches_covered_display": "0"}, "missing_lines": [118, 119, 120], "excluded_lines": [], "executed_branches": [], "missing_branches": [[118, 119], [118, 120]]}, "ToolCache.refresh": {"executed_lines": [], "summary": {"covered_lines": 0, "num_statements": 25, "percent_covered": 0.0, "percent_covered_display": "0", "missing_lines": 25, "excluded_lines": 0, "percent_statements_covered": 0.0, "percent_statements_covered_display": "0", "num_branches": 12, "num_partial_branches": 0, "covered_branches": 0, "missing_branches": 12, "percent_branches_covered": 0.0, "percent_branches_covered_display": "0"}, "missing_lines": [137, 138, 140, 141, 142, 143, 146, 150, 151, 152, 153, 154, 155, 156, 157, 158, 159, 160, 161, 162, 165, 166, 174, 175, 179], "excluded_lines": [], "executed_branches": [], "missing_branches": [[137, 138], [137, 140], [150, 151], [150, 165], [151, 152], [151, 153], [157, 150], [157, 158], [161, 150], [161, 162], [174, 175], [174, 179]]}, "": {"executed_lines": [], "summary": {"covered_lines": 0, "num_statements": 29, "percent_covered": 0.0, "percent_covered_display": "0", "missing_lines": 29, "excluded_lines": 0, "percent_statements_covered": 0.0, "percent_statements_covered_display": "0", "num_branches": 0, "num_partial_branches": 0, "covered_branches": 0, "missing_branches": 0, "percent_branches_covered": 100.0, "percent_branches_covered_display": "100"}, "missing_lines": [3, 4, 5, 6, 7, 8, 10, 11, 14, 17, 20, 21, 24, 25, 26, 28, 36, 37, 46, 49, 55, 59, 65, 75, 81, 92, 98, 116, 122], "excluded_lines": [], "executed_branches": [], "missing_branches": []}}, "classes": {"CacheMetadata": {"executed_lines": [], "summary": {"covered_lines": 0, "num_statements": 2, "percent_covered": 0.0, "percent_covered_display": "0", "missing_lines": 2, "excluded_lines": 0, "percent_statements_covered": 0.0, "percent_statements_covered_display": "0", "num_branches": 0, "num_partial_branches": 0, "covered_branches": 0, "missing_branches": 0, "percent_branches_covered": 100.0, "percent_branches_covered_display": "100"}, "missing_lines": [30, 39], "excluded_lines": [], "executed_branches": [], "missing_branches": []}, "ToolCache": {"executed_lines": [], "summary": {"covered_lines": 0, "num_statements": 67, "percent_covered": 0.0, "percent_covered_display": "0", "missing_lines": 67, "excluded_lines": 0, "percent_statements_covered": 0.0, "percent_statements_covered_display": "0", "num_branches": 26, "num_partial_branches": 0, "covered_branches": 0, "missing_branches": 26, "percent_branches_covered": 0.0, "percent_branches_covered_display": "0"}, "missing_lines": [50, 51, 52, 53, 57, 61, 62, 63, 67, 68, 69, 70, 71, 72, 73, 77, 78, 79, 83, 84, 85, 86, 87, 88, 89, 90, 94, 95, 96, 100, 101, 102, 105, 106, 107, 110, 111, 112, 114, 118, 119, 120, 137, 138, 140, 141, 142, 143, 146, 150, 151, 152, 153, 154, 155, 156, 157, 158, 159, 160, 161, 162, 165, 166, 174, 175, 179], "excluded_lines": [], "executed_branches": [], "missing_branches": [[61, 62], [61, 63], [67, 68], [67, 69], [83, 84], [83, 85], [101, 102], [101, 105], [106, 107], [106, 110], [111, 112], [111, 114], [118, 119], [118, 120], [137, 138], [137, 140], [150, 151], [150, 165], [151, 152], [151, 153], [157, 150], [157, 158], [161, 150], [161, 162], [174, 175], [174, 179]]}, "": {"executed_lines": [], "summary": {"covered_lines": 0, "num_statements": 29, "percent_covered": 0.0, "percent_covered_display": "0", "missing_lines": 29, "excluded_lines": 0, "percent_statements_covered": 0.0, "percent_statements_covered_display": "0", "num_branches": 0, "num_partial_branches": 0, "covered_branches": 0, "missing_branches": 0, "percent_branches_covered": 100.0, "percent_branches_covered_display": "100"}, "missing_lines": [3, 4, 5, 6, 7, 8, 10, 11, 14, 17, 20, 21, 24, 25, 26, 28, 36, 37, 46, 49, 55, 59, 65, 75, 81, 92, 98, 116, 122], "excluded_lines": [], "executed_branches": [], "missing_branches": []}}}, "mcp_launchpad/cli.py": {"executed_lines": [], "summary": {"covered_lines": 0, "num_statements": 494, "percent_covered": 0.0, "percent_covered_display": "0", "missing_lines": 494, "excluded_lines": 0, "percent_statements_covered": 0.0, "percent_statements_covered_display": "0", "num_branches": 184, "num_partial_branches": 0, "covered_branches": 0, "missing_branches": 184, "percent_branches_covered": 0.0, "percent_branches_covered_display": "0"}, "missing_lines": [3, 5, 6, 7, 8, 9, 10, 12, 14, 15, 16, 17, 18, 19, 20, 21, 22, 29, 32, 40, 41, 42, 43, 44, 46, 49, 57, 60, 61, 62, 63, 64, 65, 66, 67, 69, 72, 73, 74, 80, 83, 84, 85, 86, 94, 95, 96, 97, 98, 101, 102, 107, 110, 112, 113, 114, 115, 116, 117, 118, 119, 124, 127, 128, 129, 136, 137, 138, 141, 142, 146, 147, 149, 152, 153, 154, 155, 156, 159, 161, 163, 164, 168, 171, 172, 173, 174, 175, 176, 179, 180, 181, 182, 183, 184, 185, 186, 188, 196, 197, 199, 200, 201, 202, 203, 204, 208, 209, 210, 211, 212, 213, 214, 219, 222, 223, 224, 225, 226, 229, 230, 231, 232, 233, 234, 236, 237, 238, 241, 242, 245, 246, 247, 248, 249, 250, 251, 258, 260, 261, 265, 267, 268, 269, 271, 274, 275, 276, 277, 278, 279, 284, 285, 302, 303, 306, 307, 309, 310, 312, 313, 314, 315, 323, 325, 326, 328, 329, 332, 333, 334, 335, 336, 337, 340, 341, 342, 344, 347, 348, 349, 350, 354, 355, 356, 357, 358, 359, 360, 362, 363, 365, 368, 369, 370, 371, 373, 376, 377, 378, 380, 382, 383, 386, 387, 388, 391, 395, 396, 398, 401, 402, 403, 404, 405, 411, 412, 413, 414, 417, 418, 419, 421, 422, 424, 428, 429, 430, 431, 432, 433, 435, 436, 437, 438, 439, 441, 442, 443, 444, 446, 447, 453, 454, 455, 456, 457, 458, 459, 460, 461, 462, 463, 465, 467, 468, 470, 472, 473, 474, 475, 476, 485, 487, 488, 502, 503, 504, 505, 506, 510, 511, 512, 513, 516, 517, 518, 519, 521, 522, 523, 524, 525, 526, 527, 528, 530, 531, 540, 541, 543, 544, 545, 546, 547, 548, 550, 551, 552, 553, 554, 556, 557, 558, 559, 560, 562, 565, 566, 567, 569, 572, 573, 574, 576, 577, 579, 580, 581, 583, 584, 586, 587, 588, 589, 591, 592, 593, 594, 595, 596, 597, 598, 599, 600, 601, 602, 604, 605, 606, 607, 608, 610, 612, 618, 619, 620, 622, 623, 625, 626, 627, 628, 629, 631, 632, 633, 634, 635, 637, 639, 648, 649, 652, 653, 660, 662, 663, 664, 667, 668, 670, 671, 673, 674, 676, 678, 679, 680, 681, 687, 688, 696, 697, 698, 700, 701, 703, 704, 705, 706, 707, 709, 710, 711, 714, 715, 716, 717, 718, 719, 720, 723, 724, 726, 728, 729, 739, 740, 741, 742, 743, 747, 750, 751, 752, 753, 756, 757, 762, 763, 769, 770, 771, 773, 774, 775, 776, 781, 782, 785, 788, 790, 798, 799, 800, 801, 803, 805, 806, 807, 808, 809, 811, 812, 813, 814, 816, 817, 818, 819, 820, 821, 822, 824, 825, 827, 829, 830, 832, 835, 836, 839, 840, 841, 842, 847, 848, 849, 851, 852, 853, 854, 856, 857, 859, 860, 861, 866, 867, 868, 869, 875, 876, 877, 879, 880, 881, 882, 884, 885, 887, 888, 889], "excluded_lines": [], "executed_branches": [], "missing_branches": [[60, 61], [60, 64], [64, 65], [64, 69], [101, 102], [101, 107], [152, 153], [152, 161], [163, 164], [163, 171], [179, 180], [179, 196], [181, 182], [181, 188], [184, 185], [184, 186], [196, 197], [196, 199], [200, 201], [200, 222], [203, 204], [203, 208], [209, 210], [209, 212], [212, 213], [212, 219], [245, 246], [245, 260], [260, 261], [260, 267], [268, 269], [268, 271], [306, 307], [306, 309], [309, 310], [309, 312], [326, 328], [326, 376], [333, 334], [333, 340], [347, 348], [347, 350], [354, 355], [354, 365], [356, 357], [356, 363], [357, 358], [357, 359], [359, 360], [359, 362], [369, 370], [369, 373], [391, 395], [391, 398], [395, 396], [395, 398], [417, 418], [417, 465], [421, 422], [421, 424], [428, 429], [428, 430], [430, 431], [430, 433], [433, 435], [433, 439], [439, -424], [439, 441], [453, 454], [453, 459], [455, 456], [455, 459], [459, 460], [459, 465], [465, 467], [465, 516], [470, 472], [470, 487], [487, 488], [487, 502], [503, -401], [503, 504], [505, 506], [505, 510], [511, 503], [511, 512], [518, 519], [518, 521], [522, 523], [522, 540], [525, 526], [525, 527], [527, 528], [527, 530], [540, 541], [540, 543], [544, 545], [544, 557], [545, 546], [545, 547], [547, 548], [547, 550], [553, 554], [553, 556], [558, -401], [558, 559], [559, 560], [559, 562], [583, 584], [583, 586], [592, 593], [592, 604], [594, -572], [594, 595], [601, 594], [601, 602], [606, 607], [606, 612], [607, 608], [607, 610], [628, 629], [628, 631], [633, 634], [633, 639], [634, 635], [634, 637], [673, 674], [673, 676], [696, 697], [696, 714], [700, 701], [700, 703], [703, 696], [703, 704], [704, 705], [704, 709], [715, 716], [715, 723], [717, 718], [717, 723], [723, 724], [723, 726], [728, 729], [728, 739], [742, 743], [742, 747], [751, -648], [751, 752], [752, 751], [752, 753], [773, 774], [773, 798], [775, 776], [775, 790], [781, 782], [781, 785], [800, 801], [800, 803], [806, -756], [806, 807], [808, 809], [808, 811], [813, 814], [813, 816], [816, 817], [816, 836], [818, 819], [818, 829], [820, 821], [820, 836], [822, 824], [822, 827], [829, 830], [829, 836], [830, 832], [830, 835], [853, 854], [853, 856], [856, 857], [856, 859], [881, 882], [881, 884], [884, 885], [884, 887]], "functions": {"_check_tool_exists": {"executed_lines": [], "summary": {"covered_lines": 0, "num_statements": 6, "percent_covered": 0.0, "percent_covered_display": "0", "missing_lines": 6, "excluded_lines": 0, "percent_statements_covered": 0.0, "percent_statements_covered_display": "0", "num_branches": 0, "num_partial_branches": 0, "covered_branches": 0, "missing_branches": 0, "percent_branches_covered": 100.0, "percent_branches_covered_display": "100"}, "missing_lines": [40, 41, 42, 43, 44, 46], "excluded_lines": [], "executed_branches": [], "missing_branches": []}, "_handle_mcp_exception": {"executed_lines": [], "summary": {"covered_lines": 0, "num_statements": 10, "percent_covered": 0.0, "percent_covered_display": "0", "missing_lines": 10, "excluded_lines": 0, "percent_statements_covered": 0.0, "percent_statements_covered_display": "0", "num_branches": 4, "num_partial_branches": 0, "covered_branches": 0, "missing_branches": 4, "percent_branches_covered": 0.0, "percent_branches_covered_display": "0"}, "missing_lines": [57, 60, 61, 62, 63, 64, 65, 66, 67, 69], "excluded_lines": [], "executed_branches": [], "missing_branches": [[60, 61], [60, 64], [64, 65], [64, 69]]}, "main": {"executed_lines": [], "summary": {"covered_lines": 0, "num_statements": 8, "percent_covered": 0.0, "percent_covered_display": "0", "missing_lines": 8, "excluded_lines": 0, "percent_statements_covered": 0.0, "percent_statements_covered_display": "0", "num_branches": 2, "num_partial_branches": 0, "covered_branches": 0, "missing_branches": 2, "percent_branches_covered": 0.0, "percent_branches_covered_display": "0"}, "missing_lines": [94, 95, 96, 97, 98, 101, 102, 107], "excluded_lines": [], "executed_branches": [], "missing_branches": [[101, 102], [101, 107]]}, "get_config": {"executed_lines": [], "summary": {"covered_lines": 0, "num_statements": 9, "percent_covered": 0.0, "percent_covered_display": "0", "missing_lines": 9, "excluded_lines": 0, "percent_statements_covered": 0.0, "percent_statements_covered_display": "0", "num_branches": 0, "num_partial_branches": 0, "covered_branches": 0, "missing_branches": 0, "percent_branches_covered": 100.0, "percent_branches_covered_display": "100"}, "missing_lines": [112, 113, 114, 115, 116, 117, 118, 119, 124], "excluded_lines": [], "executed_branches": [], "missing_branches": []}, "search": {"executed_lines": [], "summary": {"covered_lines": 0, "num_statements": 49, "percent_covered": 0.0, "percent_covered_display": "0", "missing_lines": 49, "excluded_lines": 0, "percent_statements_covered": 0.0, "percent_statements_covered_display": "0", "num_branches": 20, "num_partial_branches": 0, "covered_branches": 0, "missing_branches": 20, "percent_branches_covered": 0.0, "percent_branches_covered_display": "0"}, "missing_lines": [146, 147, 149, 152, 153, 154, 155, 156, 159, 161, 163, 164, 168, 171, 172, 173, 174, 175, 176, 179, 180, 181, 182, 183, 184, 185, 186, 188, 196, 197, 199, 200, 201, 202, 203, 204, 208, 209, 210, 211, 212, 213, 214, 219, 222, 223, 224, 225, 226], "excluded_lines": [], "executed_branches": [], "missing_branches": [[152, 153], [152, 161], [163, 164], [163, 171], [179, 180], [179, 196], [181, 182], [181, 188], [184, 185], [184, 186], [196, 197], [196, 199], [200, 201], [200, 222], [203, 204], [203, 208], [209, 210], [209, 212], [212, 213], [212, 219]]}, "inspect": {"executed_lines": [], "summary": {"covered_lines": 0, "num_statements": 20, "percent_covered": 0.0, "percent_covered_display": "0", "missing_lines": 20, "excluded_lines": 0, "percent_statements_covered": 0.0, "percent_statements_covered_display": "0", "num_branches": 6, "num_partial_branches": 0, "covered_branches": 0, "missing_branches": 6, "percent_branches_covered": 0.0, "percent_branches_covered_display": "0"}, "missing_lines": [236, 237, 238, 241, 242, 245, 246, 247, 248, 249, 250, 251, 258, 260, 261, 265, 267, 268, 269, 271], "excluded_lines": [], "executed_branches": [], "missing_branches": [[245, 246], [245, 260], [260, 261], [260, 267], [268, 269], [268, 271]]}, "call": {"executed_lines": [], "summary": {"covered_lines": 0, "num_statements": 57, "percent_covered": 0.0, "percent_covered_display": "0", "missing_lines": 57, "excluded_lines": 0, "percent_statements_covered": 0.0, "percent_statements_covered_display": "0", "num_branches": 24, "num_partial_branches": 0, "covered_branches": 0, "missing_branches": 24, "percent_branches_covered": 0.0, "percent_branches_covered_display": "0"}, "missing_lines": [302, 303, 306, 307, 309, 310, 312, 313, 314, 315, 323, 325, 326, 328, 329, 332, 333, 334, 335, 336, 337, 340, 341, 342, 344, 347, 348, 349, 350, 354, 355, 356, 357, 358, 359, 360, 362, 363, 365, 368, 369, 370, 371, 373, 376, 377, 378, 380, 382, 383, 386, 387, 388, 391, 395, 396, 398], "excluded_lines": [], "executed_branches": [], "missing_branches": [[306, 307], [306, 309], [309, 310], [309, 312], [326, 328], [326, 376], [333, 334], [333, 340], [347, 348], [347, 350], [354, 355], [354, 365], [356, 357], [356, 363], [357, 358], [357, 359], [359, 360], [359, 362], [369, 370], [369, 373], [391, 395], [391, 398], [395, 396], [395, 398]]}, "list_cmd": {"executed_lines": [], "summary": {"covered_lines": 0, "num_statements": 77, "percent_covered": 0.0, "percent_covered_display": "0", "missing_lines": 77, "excluded_lines": 0, "percent_statements_covered": 0.0, "percent_statements_covered_display": "0", "num_branches": 44, "num_partial_branches": 0, "covered_branches": 0, "missing_branches": 44, "percent_branches_covered": 0.0, "percent_branches_covered_display": "0"}, "missing_lines": [411, 412, 413, 414, 417, 418, 419, 421, 422, 424, 446, 447, 453, 454, 455, 456, 457, 458, 459, 460, 461, 462, 463, 465, 467, 468, 470, 472, 473, 474, 475, 476, 485, 487, 488, 502, 503, 504, 505, 506, 510, 511, 512, 513, 516, 517, 518, 519, 521, 522, 523, 524, 525, 526, 527, 528, 530, 531, 540, 541, 543, 544, 545, 546, 547, 548, 550, 551, 552, 553, 554, 556, 557, 558, 559, 560, 562], "excluded_lines": [], "executed_branches": [], "missing_branches": [[417, 418], [417, 465], [421, 422], [421, 424], [453, 454], [453, 459], [455, 456], [455, 459], [459, 460], [459, 465], [465, 467], [465, 516], [470, 472], [470, 487], [487, 488], [487, 502], [503, -401], [503, 504], [505, 506], [505, 510], [511, 503], [511, 512], [518, 519], [518, 521], [522, 523], [522, 540], [525, 526], [525, 527], [527, 528], [527, 530], [540, 541], [540, 543], [544, 545], [544, 557], [545, 546], [545, 547], [547, 548], [547, 550], [553, 554], [553, 556], [558, -401], [558, 559], [559, 560], [559, 562]]}, "list_cmd.on_progress": {"executed_lines": [], "summary": {"covered_lines": 0, "num_statements": 15, "percent_covered": 0.0, "percent_covered_display": "0", "missing_lines": 15, "excluded_lines": 0, "percent_statements_covered": 0.0, "percent_statements_covered_display": "0", "num_branches": 8, "num_partial_branches": 0, "covered_branches": 0, "missing_branches": 8, "percent_branches_covered": 0.0, "percent_branches_covered_display": "0"}, "missing_lines": [428, 429, 430, 431, 432, 433, 435, 436, 437, 438, 439, 441, 442, 443, 444], "excluded_lines": [], "executed_branches": [], "missing_branches": [[428, 429], [428, 430], [430, 431], [430, 433], [433, 435], [433, 439], [439, -424], [439, 441]]}, "session": {"executed_lines": [], "summary": {"covered_lines": 0, "num_statements": 1, "percent_covered": 0.0, "percent_covered_display": "0", "missing_lines": 1, "excluded_lines": 0, "percent_statements_covered": 0.0, "percent_statements_covered_display": "0", "num_branches": 0, "num_partial_branches": 0, "covered_branches": 0, "missing_branches": 0, "percent_branches_covered": 100.0, "percent_branches_covered_display": "100"}, "missing_lines": [569], "excluded_lines": [], "executed_branches": [], "missing_branches": []}, "session_status": {"executed_lines": [], "summary": {"covered_lines": 0, "num_statements": 30, "percent_covered": 0.0, "percent_covered_display": "0", "missing_lines": 30, "excluded_lines": 0, "percent_statements_covered": 0.0, "percent_statements_covered_display": "0", "num_branches": 12, "num_partial_branches": 0, "covered_branches": 0, "missing_branches": 12, "percent_branches_covered": 0.0, "percent_branches_covered_display": "0"}, "missing_lines": [576, 577, 579, 580, 581, 583, 584, 586, 587, 588, 589, 591, 592, 593, 594, 595, 596, 597, 598, 599, 600, 601, 602, 604, 605, 606, 607, 608, 610, 612], "excluded_lines": [], "executed_branches": [], "missing_branches": [[583, 584], [583, 586], [592, 593], [592, 604], [594, -572], [594, 595], [601, 594], [601, 602], [606, 607], [606, 612], [607, 608], [607, 610]]}, "session_stop": {"executed_lines": [], "summary": {"covered_lines": 0, "num_statements": 14, "percent_covered": 0.0, "percent_covered_display": "0", "missing_lines": 14, "excluded_lines": 0, "percent_statements_covered": 0.0, "percent_statements_covered_display": "0", "num_branches": 6, "num_partial_branches": 0, "covered_branches": 0, "missing_branches": 6, "percent_branches_covered": 0.0, "percent_branches_covered_display": "0"}, "missing_lines": [622, 623, 625, 626, 627, 628, 629, 631, 632, 633, 634, 635, 637, 639], "excluded_lines": [], "executed_branches": [], "missing_branches": [[628, 629], [628, 631], [633, 634], [633, 639], [634, 635], [634, 637]]}, "verify": {"executed_lines": [], "summary": {"covered_lines": 0, "num_statements": 46, "percent_covered": 0.0, "percent_covered_display": "0", "missing_lines": 46, "excluded_lines": 0, "percent_statements_covered": 0.0, "percent_statements_covered_display": "0", "num_branches": 24, "num_partial_branches": 0, "covered_branches": 0, "missing_branches": 24, "percent_branches_covered": 0.0, "percent_branches_covered_display": "0"}, "missing_lines": [660, 662, 663, 664, 667, 668, 670, 671, 673, 674, 676, 696, 697, 698, 700, 701, 703, 704, 705, 706, 707, 709, 710, 711, 714, 715, 716, 717, 718, 719, 720, 723, 724, 726, 728, 729, 739, 740, 741, 742, 743, 747, 750, 751, 752, 753], "excluded_lines": [], "executed_branches": [], "missing_branches": [[673, 674], [673, 676], [696, 697], [696, 714], [700, 701], [700, 703], [703, 696], [703, 704], [704, 705], [704, 709], [715, 716], [715, 723], [717, 718], [717, 723], [723, 724], [723, 726], [728, 729], [728, 739], [742, 743], [742, 747], [751, -648], [751, 752], [752, 751], [752, 753]]}, "verify.verify_server": {"executed_lines": [], "summary": {"covered_lines": 0, "num_statements": 6, "percent_covered": 0.0, "percent_covered_display": "0", "missing_lines": 6, "excluded_lines": 0, "percent_statements_covered": 0.0, "percent_statements_covered_display": "0", "num_branches": 0, "num_partial_branches": 0, "covered_branches": 0, "missing_branches": 0, "percent_branches_covered": 100.0, "percent_branches_covered_display": "100"}, "missing_lines": [678, 679, 680, 681, 687, 688], "excluded_lines": [], "executed_branches": [], "missing_branches": []}, "show_config": {"executed_lines": [], "summary": {"covered_lines": 0, "num_statements": 41, "percent_covered": 0.0, "percent_covered_display": "0", "missing_lines": 41, "excluded_lines": 0, "percent_statements_covered": 0.0, "percent_statements_covered_display": "0", "num_branches": 26, "num_partial_branches": 0, "covered_branches": 0, "missing_branches": 26, "percent_branches_covered": 0.0, "percent_branches_covered_display": "0"}, "missing_lines": [769, 770, 771, 773, 774, 775, 776, 781, 782, 785, 788, 790, 798, 799, 800, 801, 803, 805, 806, 807, 808, 809, 811, 812, 813, 814, 816, 817, 818, 819, 820, 821, 822, 824, 825, 827, 829, 830, 832, 835, 836], "excluded_lines": [], "executed_branches": [], "missing_branches": [[773, 774], [773, 798], [775, 776], [775, 790], [781, 782], [781, 785], [800, 801], [800, 803], [806, -756], [806, 807], [808, 809], [808, 811], [813, 814], [813, 816], [816, 817], [816, 836], [818, 819], [818, 829], [820, 821], [820, 836], [822, 824], [822, 827], [829, 830], [829, 836], [830, 832], [830, 835]]}, "enable": {"executed_lines": [], "summary": {"covered_lines": 0, "num_statements": 12, "percent_covered": 0.0, "percent_covered_display": "0", "missing_lines": 12, "excluded_lines": 0, "percent_statements_covered": 0.0, "percent_statements_covered_display": "0", "num_branches": 4, "num_partial_branches": 0, "covered_branches": 0, "missing_branches": 4, "percent_branches_covered": 0.0, "percent_branches_covered_display": "0"}, "missing_lines": [847, 848, 849, 851, 852, 853, 854, 856, 857, 859, 860, 861], "excluded_lines": [], "executed_branches": [], "missing_branches": [[853, 854], [853, 856], [856, 857], [856, 859]]}, "disable": {"executed_lines": [], "summary": {"covered_lines": 0, "num_statements": 12, "percent_covered": 0.0, "percent_covered_display": "0", "missing_lines": 12, "excluded_lines": 0, "percent_statements_covered": 0.0, "percent_statements_covered_display": "0", "num_branches": 4, "num_partial_branches": 0, "covered_branches": 0, "missing_branches": 4, "percent_branches_covered": 0.0, "percent_branches_covered_display": "0"}, "missing_lines": [875, 876, 877, 879, 880, 881, 882, 884, 885, 887, 888, 889], "excluded_lines": [], "executed_branches": [], "missing_branches": [[881, 882], [881, 884], [884, 885], [884, 887]]}, "": {"executed_lines": [], "summary": {"covered_lines": 0, "num_statements": 81, "percent_covered": 0.0, "percent_covered_display": "0", "missing_lines": 81, "excluded_lines": 0, "percent_statements_covered": 0.0, "percent_statements_covered_display": "0", "num_branches": 0, "num_partial_branches": 0, "covered_branches": 0, "missing_branches": 0, "percent_branches_covered": 100.0, "percent_branches_covered_display": "100"}, "missing_lines": [3, 5, 6, 7, 8, 9, 10, 12, 14, 15, 16, 17, 18, 19, 20, 21, 22, 29, 32, 49, 72, 73, 74, 80, 83, 84, 85, 86, 110, 127, 128, 129, 136, 137, 138, 141, 142, 229, 230, 231, 232, 233, 234, 274, 275, 276, 277, 278, 279, 284, 285, 401, 402, 403, 404, 405, 565, 566, 567, 572, 573, 574, 618, 619, 620, 648, 649, 652, 653, 756, 757, 762, 763, 839, 840, 841, 842, 866, 867, 868, 869], "excluded_lines": [], "executed_branches": [], "missing_branches": []}}, "classes": {"": {"executed_lines": [], "summary": {"covered_lines": 0, "num_statements": 494, "percent_covered": 0.0, "percent_covered_display": "0", "missing_lines": 494, "excluded_lines": 0, "percent_statements_covered": 0.0, "percent_statements_covered_display": "0", "num_branches": 184, "num_partial_branches": 0, "covered_branches": 0, "missing_branches": 184, "percent_branches_covered": 0.0, "percent_branches_covered_display": "0"}, "missing_lines": [3, 5, 6, 7, 8, 9, 10, 12, 14, 15, 16, 17, 18, 19, 20, 21, 22, 29, 32, 40, 41, 42, 43, 44, 46, 49, 57, 60, 61, 62, 63, 64, 65, 66, 67, 69, 72, 73, 74, 80, 83, 84, 85, 86, 94, 95, 96, 97, 98, 101, 102, 107, 110, 112, 113, 114, 115, 116, 117, 118, 119, 124, 127, 128, 129, 136, 137, 138, 141, 142, 146, 147, 149, 152, 153, 154, 155, 156, 159, 161, 163, 164, 168, 171, 172, 173, 174, 175, 176, 179, 180, 181, 182, 183, 184, 185, 186, 188, 196, 197, 199, 200, 201, 202, 203, 204, 208, 209, 210, 211, 212, 213, 214, 219, 222, 223, 224, 225, 226, 229, 230, 231, 232, 233, 234, 236, 237, 238, 241, 242, 245, 246, 247, 248, 249, 250, 251, 258, 260, 261, 265, 267, 268, 269, 271, 274, 275, 276, 277, 278, 279, 284, 285, 302, 303, 306, 307, 309, 310, 312, 313, 314, 315, 323, 325, 326, 328, 329, 332, 333, 334, 335, 336, 337, 340, 341, 342, 344, 347, 348, 349, 350, 354, 355, 356, 357, 358, 359, 360, 362, 363, 365, 368, 369, 370, 371, 373, 376, 377, 378, 380, 382, 383, 386, 387, 388, 391, 395, 396, 398, 401, 402, 403, 404, 405, 411, 412, 413, 414, 417, 418, 419, 421, 422, 424, 428, 429, 430, 431, 432, 433, 435, 436, 437, 438, 439, 441, 442, 443, 444, 446, 447, 453, 454, 455, 456, 457, 458, 459, 460, 461, 462, 463, 465, 467, 468, 470, 472, 473, 474, 475, 476, 485, 487, 488, 502, 503, 504, 505, 506, 510, 511, 512, 513, 516, 517, 518, 519, 521, 522, 523, 524, 525, 526, 527, 528, 530, 531, 540, 541, 543, 544, 545, 546, 547, 548, 550, 551, 552, 553, 554, 556, 557, 558, 559, 560, 562, 565, 566, 567, 569, 572, 573, 574, 576, 577, 579, 580, 581, 583, 584, 586, 587, 588, 589, 591, 592, 593, 594, 595, 596, 597, 598, 599, 600, 601, 602, 604, 605, 606, 607, 608, 610, 612, 618, 619, 620, 622, 623, 625, 626, 627, 628, 629, 631, 632, 633, 634, 635, 637, 639, 648, 649, 652, 653, 660, 662, 663, 664, 667, 668, 670, 671, 673, 674, 676, 678, 679, 680, 681, 687, 688, 696, 697, 698, 700, 701, 703, 704, 705, 706, 707, 709, 710, 711, 714, 715, 716, 717, 718, 719, 720, 723, 724, 726, 728, 729, 739, 740, 741, 742, 743, 747, 750, 751, 752, 753, 756, 757, 762, 763, 769, 770, 771, 773, 774, 775, 776, 781, 782, 785, 788, 790, 798, 799, 800, 801, 803, 805, 806, 807, 808, 809, 811, 812, 813, 814, 816, 817, 818, 819, 820, 821, 822, 824, 825, 827, 829, 830, 832, 835, 836, 839, 840, 841, 842, 847, 848, 849, 851, 852, 853, 854, 856, 857, 859, 860, 861, 866, 867, 868, 869, 875, 876, 877, 879, 880, 881, 882, 884, 885, 887, 888, 889], "excluded_lines": [], "executed_branches": [], "missing_branches": [[60, 61], [60, 64], [64, 65], [64, 69], [101, 102], [101, 107], [152, 153], [152, 161], [163, 164], [163, 171], [179, 180], [179, 196], [181, 182], [181, 188], [184, 185], [184, 186], [196, 197], [196, 199], [200, 201], [200, 222], [203, 204], [203, 208], [209, 210], [209, 212], [212, 213], [212, 219], [245, 246], [245, 260], [260, 261], [260, 267], [268, 269], [268, 271], [306, 307], [306, 309], [309, 310], [309, 312], [326, 328], [326, 376], [333, 334], [333, 340], [347, 348], [347, 350], [354, 355], [354, 365], [356, 357], [356, 363], [357, 358], [357, 359], [359, 360], [359, 362], [369, 370], [369, 373], [391, 395], [391, 398], [395, 396], [395, 398], [417, 418], [417, 465], [421, 422], [421, 424], [428, 429], [428, 430], [430, 431], [430, 433], [433, 435], [433, 439], [439, -424], [439, 441], [453, 454], [453, 459], [455, 456], [455, 459], [459, 460], [459, 465], [465, 467], [465, 516], [470, 472], [470, 487], [487, 488], [487, 502], [503, -401], [503, 504], [505, 506], [505, 510], [511, 503], [511, 512], [518, 519], [518, 521], [522, 523], [522, 540], [525, 526], [525, 527], [527, 528], [527, 530], [540, 541], [540, 543], [544, 545], [544, 557], [545, 546], [545, 547], [547, 548], [547, 550], [553, 554], [553, 556], [558, -401], [558, 559], [559, 560], [559, 562], [583, 584], [583, 586], [592, 593], [592, 604], [594, -572], [594, 595], [601, 594], [601, 602], [606, 607], [606, 612], [607, 608], [607, 610], [628, 629], [628, 631], [633, 634], [633, 639], [634, 635], [634, 637], [673, 674], [673, 676], [696, 697], [696, 714], [700, 701], [700, 703], [703, 696], [703, 704], [704, 705], [704, 709], [715, 716], [715, 723], [717, 718], [717, 723], [723, 724], [723, 726], [728, 729], [728, 739], [742, 743], [742, 747], [751, -648], [751, 752], [752, 751], [752, 753], [773, 774], [773, 798], [775, 776], [775, 790], [781, 782], [781, 785], [800, 801], [800, 803], [806, -756], [806, 807], [808, 809], [808, 811], [813, 814], [813, 816], [816, 817], [816, 836], [818, 819], [818, 829], [820, 821], [820, 836], [822, 824], [822, 827], [829, 830], [829, 836], [830, 832], [830, 835], [853, 854], [853, 856], [856, 857], [856, 859], [881, 882], [881, 884], [884, 885], [884, 887]]}}}, "mcp_launchpad/config.py": {"executed_lines": [1, 3, 4, 5, 6, 7, 8, 10, 13, 33, 34, 35, 37, 38, 39, 40, 42, 46, 51, 52, 53, 55, 56, 57, 58, 59, 63, 71, 75, 119, 125, 150, 159, 169], "summary": {"covered_lines": 31, "num_statements": 94, "percent_covered": 23.484848484848484, "percent_covered_display": "23", "missing_lines": 63, "excluded_lines": 0, "percent_statements_covered": 32.97872340425532, "percent_statements_covered_display": "33", "num_branches": 38, "num_partial_branches": 0, "covered_branches": 0, "missing_branches": 38, "percent_branches_covered": 0.0, "percent_branches_covered_display": "0"}, "missing_lines": [22, 23, 25, 26, 27, 28, 29, 30, 44, 48, 87, 88, 89, 90, 92, 93, 95, 96, 97, 99, 101, 102, 105, 106, 109, 110, 111, 112, 114, 116, 121, 122, 131, 132, 133, 134, 136, 138, 139, 140, 143, 144, 145, 147, 155, 156, 161, 190, 191, 192, 195, 196, 197, 198, 213, 214, 215, 216, 218, 219, 220, 221, 223], "excluded_lines": [], "executed_branches": [], "missing_branches": [[22, 23], [22, 25], [26, 27], [26, 30], [87, 88], [87, 92], [88, 89], [88, 90], [95, 96], [95, 116], [96, 97], [96, 99], [99, 95], [99, 101], [101, 102], [101, 105], [105, 106], [105, 109], [110, 111], [110, 112], [131, 132], [131, 136], [132, 133], [132, 134], [139, 140], [139, 143], [144, 145], [144, 147], [191, 192], [191, 195], [196, 197], [196, 213], [214, 215], [214, 223], [219, 214], [219, 220], [220, 219], [220, 221]], "functions": {"_resolve_env_vars": {"executed_lines": [], "summary": {"covered_lines": 0, "num_statements": 8, "percent_covered": 0.0, "percent_covered_display": "0", "missing_lines": 8, "excluded_lines": 0, "percent_statements_covered": 0.0, "percent_statements_covered_display": "0", "num_branches": 4, "num_partial_branches": 0, "covered_branches": 0, "missing_branches": 4, "percent_branches_covered": 0.0, "percent_branches_covered_display": "0"}, "missing_lines": [22, 23, 25, 26, 27, 28, 29, 30], "excluded_lines": [], "executed_branches": [], "missing_branches": [[22, 23], [22, 25], [26, 27], [26, 30]]}, "ServerConfig.get_resolved_env": {"executed_lines": [], "summary": {"covered_lines": 0, "num_statements": 1, "percent_covered": 0.0, "percent_covered_display": "0", "missing_lines": 1, "excluded_lines": 0, "percent_statements_covered": 0.0, "percent_statements_covered_display": "0", "num_branches": 0, "num_partial_branches": 0, "covered_branches": 0, "missing_branches": 0, "percent_branches_covered": 100.0, "percent_branches_covered_display": "100"}, "missing_lines": [44], "excluded_lines": [], "executed_branches": [], "missing_branches": []}, "ServerConfig.get_resolved_args": {"executed_lines": [], "summary": {"covered_lines": 0, "num_statements": 1, "percent_covered": 0.0, "percent_covered_display": "0", "missing_lines": 1, "excluded_lines": 0, "percent_statements_covered": 0.0, "percent_statements_covered_display": "0", "num_branches": 0, "num_partial_branches": 0, "covered_branches": 0, "missing_branches": 0, "percent_branches_covered": 100.0, "percent_branches_covered_display": "100"}, "missing_lines": [48], "excluded_lines": [], "executed_branches": [], "missing_branches": []}, "find_config_files": {"executed_lines": [], "summary": {"covered_lines": 0, "num_statements": 20, "percent_covered": 0.0, "percent_covered_display": "0", "missing_lines": 20, "excluded_lines": 0, "percent_statements_covered": 0.0, "percent_statements_covered_display": "0", "num_branches": 16, "num_partial_branches": 0, "covered_branches": 0, "missing_branches": 16, "percent_branches_covered": 0.0, "percent_branches_covered_display": "0"}, "missing_lines": [87, 88, 89, 90, 92, 93, 95, 96, 97, 99, 101, 102, 105, 106, 109, 110, 111, 112, 114, 116], "excluded_lines": [], "executed_branches": [], "missing_branches": [[87, 88], [87, 92], [88, 89], [88, 90], [95, 96], [95, 116], [96, 97], [96, 99], [99, 95], [99, 101], [101, 102], [101, 105], [105, 106], [105, 109], [110, 111], [110, 112]]}, "find_config_file": {"executed_lines": [], "summary": {"covered_lines": 0, "num_statements": 2, "percent_covered": 0.0, "percent_covered_display": "0", "missing_lines": 2, "excluded_lines": 0, "percent_statements_covered": 0.0, "percent_statements_covered_display": "0", "num_branches": 0, "num_partial_branches": 0, "covered_branches": 0, "missing_branches": 0, "percent_branches_covered": 100.0, "percent_branches_covered_display": "100"}, "missing_lines": [121, 122], "excluded_lines": [], "executed_branches": [], "missing_branches": []}, "find_env_files": {"executed_lines": [], "summary": {"covered_lines": 0, "num_statements": 12, "percent_covered": 0.0, "percent_covered_display": "0", "missing_lines": 12, "excluded_lines": 0, "percent_statements_covered": 0.0, "percent_statements_covered_display": "0", "num_branches": 8, "num_partial_branches": 0, "covered_branches": 0, "missing_branches": 8, "percent_branches_covered": 0.0, "percent_branches_covered_display": "0"}, "missing_lines": [131, 132, 133, 134, 136, 138, 139, 140, 143, 144, 145, 147], "excluded_lines": [], "executed_branches": [], "missing_branches": [[131, 132], [131, 136], [132, 133], [132, 134], [139, 140], [139, 143], [144, 145], [144, 147]]}, "find_env_file": {"executed_lines": [], "summary": {"covered_lines": 0, "num_statements": 2, "percent_covered": 0.0, "percent_covered_display": "0", "missing_lines": 2, "excluded_lines": 0, "percent_statements_covered": 0.0, "percent_statements_covered_display": "0", "num_branches": 0, "num_partial_branches": 0, "covered_branches": 0, "missing_branches": 0, "percent_branches_covered": 100.0, "percent_branches_covered_display": "100"}, "missing_lines": [155, 156], "excluded_lines": [], "executed_branches": [], "missing_branches": []}, "parse_server_config": {"executed_lines": [], "summary": {"covered_lines": 0, "num_statements": 1, "percent_covered": 0.0, "percent_covered_display": "0", "missing_lines": 1, "excluded_lines": 0, "percent_statements_covered": 0.0, "percent_statements_covered_display": "0", "num_branches": 0, "num_partial_branches": 0, "covered_branches": 0, "missing_branches": 0, "percent_branches_covered": 100.0, "percent_branches_covered_display": "100"}, "missing_lines": [161], "excluded_lines": [], "executed_branches": [], "missing_branches": []}, "load_config": {"executed_lines": [], "summary": {"covered_lines": 0, "num_statements": 16, "percent_covered": 0.0, "percent_covered_display": "0", "missing_lines": 16, "excluded_lines": 0, "percent_statements_covered": 0.0, "percent_statements_covered_display": "0", "num_branches": 10, "num_partial_branches": 0, "covered_branches": 0, "missing_branches": 10, "percent_branches_covered": 0.0, "percent_branches_covered_display": "0"}, "missing_lines": [190, 191, 192, 195, 196, 197, 198, 213, 214, 215, 216, 218, 219, 220, 221, 223], "excluded_lines": [], "executed_branches": [], "missing_branches": [[191, 192], [191, 195], [196, 197], [196, 213], [214, 215], [214, 223], [219, 214], [219, 220], [220, 219], [220, 221]]}, "": {"executed_lines": [1, 3, 4, 5, 6, 7, 8, 10, 13, 33, 34, 35, 37, 38, 39, 40, 42, 46, 51, 52, 53, 55, 56, 57, 58, 59, 63, 71, 75, 119, 125, 150, 159, 169], "summary": {"covered_lines": 31, "num_statements": 31, "percent_covered": 100.0, "percent_covered_display": "100", "missing_lines": 0, "excluded_lines": 0, "percent_statements_covered": 100.0, "percent_statements_covered_display": "100", "num_branches": 0, "num_partial_branches": 0, "covered_branches": 0, "missing_branches": 0, "percent_branches_covered": 100.0, "percent_branches_covered_display": "100"}, "missing_lines": [], "excluded_lines": [], "executed_branches": [], "missing_branches": []}}, "classes": {"ServerConfig": {"executed_lines": [], "summary": {"covered_lines": 0, "num_statements": 2, "percent_covered": 0.0, "percent_covered_display": "0", "missing_lines": 2, "excluded_lines": 0, "percent_statements_covered": 0.0, "percent_statements_covered_display": "0", "num_branches": 0, "num_partial_branches": 0, "covered_branches": 0, "missing_branches": 0, "percent_branches_covered": 100.0, "percent_branches_covered_display": "100"}, "missing_lines": [44, 48], "excluded_lines": [], "executed_branches": [], "missing_branches": []}, "Config": {"executed_lines": [], "summary": {"covered_lines": 0, "num_statements": 0, "percent_covered": 100.0, "percent_covered_display": "100", "missing_lines": 0, "excluded_lines": 0, "percent_statements_covered": 100.0, "percent_statements_covered_display": "100", "num_branches": 0, "num_partial_branches": 0, "covered_branches": 0, "missing_branches": 0, "percent_branches_covered": 100.0, "percent_branches_covered_display": "100"}, "missing_lines": [], "excluded_lines": [], "executed_branches": [], "missing_branches": []}, "": {"executed_lines": [1, 3, 4, 5, 6, 7, 8, 10, 13, 33, 34, 35, 37, 38, 39, 40, 42, 46, 51, 52, 53, 55, 56, 57, 58, 59, 63, 71, 75, 119, 125, 150, 159, 169], "summary": {"covered_lines": 31, "num_statements": 92, "percent_covered": 23.846153846153847, "percent_covered_display": "24", "missing_lines": 61, "excluded_lines": 0, "percent_statements_covered": 33.69565217391305, "percent_statements_covered_display": "34", "num_branches": 38, "num_partial_branches": 0, "covered_branches": 0, "missing_branches": 38, "percent_branches_covered": 0.0, "percent_branches_covered_display": "0"}, "missing_lines": [22, 23, 25, 26, 27, 28, 29, 30, 87, 88, 89, 90, 92, 93, 95, 96, 97, 99, 101, 102, 105, 106, 109, 110, 111, 112, 114, 116, 121, 122, 131, 132, 133, 134, 136, 138, 139, 140, 143, 144, 145, 147, 155, 156, 161, 190, 191, 192, 195, 196, 197, 198, 213, 214, 215, 216, 218, 219, 220, 221, 223], "excluded_lines": [], "executed_branches": [], "missing_branches": [[22, 23], [22, 25], [26, 27], [26, 30], [87, 88], [87, 92], [88, 89], [88, 90], [95, 96], [95, 116], [96, 97], [96, 99], [99, 95], [99, 101], [101, 102], [101, 105], [105, 106], [105, 109], [110, 111], [110, 112], [131, 132], [131, 136], [132, 133], [132, 134], [139, 140], [139, 143], [144, 145], [144, 147], [191, 192], [191, 195], [196, 197], [196, 213], [214, 215], [214, 223], [219, 214], [219, 220], [220, 219], [220, 221]]}}}, "mcp_launchpad/connection.py": {"executed_lines": [1, 3, 5, 6, 7, 8, 9, 10, 11, 13, 14, 15, 17, 20, 23, 24, 25, 27, 28, 29, 32, 33, 34, 36, 37, 38, 39, 41, 50, 55, 77, 105, 106, 116, 117, 119, 123, 134, 135, 215, 231], "summary": {"covered_lines": 37, "num_statements": 113, "percent_covered": 25.874125874125873, "percent_covered_display": "26", "missing_lines": 76, "excluded_lines": 0, "percent_statements_covered": 32.743362831858406, "percent_statements_covered_display": "33", "num_branches": 30, "num_partial_branches": 0, "covered_branches": 0, "missing_branches": 30, "percent_branches_covered": 0.0, "percent_branches_covered_display": "0"}, "missing_lines": [43, 52, 53, 60, 61, 64, 66, 67, 68, 69, 71, 72, 73, 75, 79, 80, 83, 84, 85, 86, 87, 88, 89, 90, 91, 92, 93, 94, 95, 96, 98, 100, 102, 103, 108, 120, 121, 125, 126, 127, 132, 140, 143, 146, 147, 148, 149, 150, 161, 169, 173, 174, 175, 176, 180, 181, 182, 183, 184, 185, 186, 191, 198, 199, 206, 208, 209, 210, 212, 213, 217, 218, 219, 235, 236, 237], "excluded_lines": [], "executed_branches": [], "missing_branches": [[67, 68], [67, 69], [69, 71], [69, 75], [84, 85], [84, 100], [87, 88], [87, 89], [89, 90], [89, 91], [91, 92], [91, 93], [93, 94], [93, 95], [95, 96], [95, 98], [125, 126], [125, 132], [146, 147], [146, 161], [147, 146], [147, 148], [149, 146], [149, 150], [176, -134], [176, 180], [180, -134], [180, 181], [210, 212], [210, 213]], "functions": {"ToolInfo.to_dict": {"executed_lines": [], "summary": {"covered_lines": 0, "num_statements": 1, "percent_covered": 0.0, "percent_covered_display": "0", "missing_lines": 1, "excluded_lines": 0, "percent_statements_covered": 0.0, "percent_statements_covered_display": "0", "num_branches": 0, "num_partial_branches": 0, "covered_branches": 0, "missing_branches": 0, "percent_branches_covered": 100.0, "percent_branches_covered_display": "100"}, "missing_lines": [43], "excluded_lines": [], "executed_branches": [], "missing_branches": []}, "ToolInfo.get_required_params": {"executed_lines": [], "summary": {"covered_lines": 0, "num_statements": 2, "percent_covered": 0.0, "percent_covered_display": "0", "missing_lines": 2, "excluded_lines": 0, "percent_statements_covered": 0.0, "percent_statements_covered_display": "0", "num_branches": 0, "num_partial_branches": 0, "covered_branches": 0, "missing_branches": 0, "percent_branches_covered": 100.0, "percent_branches_covered_display": "100"}, "missing_lines": [52, 53], "excluded_lines": [], "executed_branches": [], "missing_branches": []}, "ToolInfo.get_params_summary": {"executed_lines": [], "summary": {"covered_lines": 0, "num_statements": 11, "percent_covered": 0.0, "percent_covered_display": "0", "missing_lines": 11, "excluded_lines": 0, "percent_statements_covered": 0.0, "percent_statements_covered_display": "0", "num_branches": 4, "num_partial_branches": 0, "covered_branches": 0, "missing_branches": 4, "percent_branches_covered": 0.0, "percent_branches_covered_display": "0"}, "missing_lines": [60, 61, 64, 66, 67, 68, 69, 71, 72, 73, 75], "excluded_lines": [], "executed_branches": [], "missing_branches": [[67, 68], [67, 69], [69, 71], [69, 75]]}, "ToolInfo.get_example_call": {"executed_lines": [], "summary": {"covered_lines": 0, "num_statements": 20, "percent_covered": 0.0, "percent_covered_display": "0", "missing_lines": 20, "excluded_lines": 0, "percent_statements_covered": 0.0, "percent_statements_covered_display": "0", "num_branches": 12, "num_partial_branches": 0, "covered_branches": 0, "missing_branches": 12, "percent_branches_covered": 0.0, "percent_branches_covered_display": "0"}, "missing_lines": [79, 80, 83, 84, 85, 86, 87, 88, 89, 90, 91, 92, 93, 94, 95, 96, 98, 100, 102, 103], "excluded_lines": [], "executed_branches": [], "missing_branches": [[84, 85], [84, 100], [87, 88], [87, 89], [89, 90], [89, 91], [91, 92], [91, 93], [93, 94], [93, 95], [95, 96], [95, 98]]}, "ToolInfo.from_dict": {"executed_lines": [], "summary": {"covered_lines": 0, "num_statements": 1, "percent_covered": 0.0, "percent_covered_display": "0", "missing_lines": 1, "excluded_lines": 0, "percent_statements_covered": 0.0, "percent_statements_covered_display": "0", "num_branches": 0, "num_partial_branches": 0, "covered_branches": 0, "missing_branches": 0, "percent_branches_covered": 100.0, "percent_branches_covered_display": "100"}, "missing_lines": [108], "excluded_lines": [], "executed_branches": [], "missing_branches": []}, "ConnectionManager.__init__": {"executed_lines": [], "summary": {"covered_lines": 0, "num_statements": 2, "percent_covered": 0.0, "percent_covered_display": "0", "missing_lines": 2, "excluded_lines": 0, "percent_statements_covered": 0.0, "percent_statements_covered_display": "0", "num_branches": 0, "num_partial_branches": 0, "covered_branches": 0, "missing_branches": 0, "percent_branches_covered": 100.0, "percent_branches_covered_display": "100"}, "missing_lines": [120, 121], "excluded_lines": [], "executed_branches": [], "missing_branches": []}, "ConnectionManager.get_server_config": {"executed_lines": [], "summary": {"covered_lines": 0, "num_statements": 4, "percent_covered": 0.0, "percent_covered_display": "0", "missing_lines": 4, "excluded_lines": 0, "percent_statements_covered": 0.0, "percent_statements_covered_display": "0", "num_branches": 2, "num_partial_branches": 0, "covered_branches": 0, "missing_branches": 2, "percent_branches_covered": 0.0, "percent_branches_covered_display": "0"}, "missing_lines": [125, 126, 127, 132], "excluded_lines": [], "executed_branches": [], "missing_branches": [[125, 126], [125, 132]]}, "ConnectionManager.connect": {"executed_lines": [], "summary": {"covered_lines": 0, "num_statements": 29, "percent_covered": 0.0, "percent_covered_display": "0", "missing_lines": 29, "excluded_lines": 0, "percent_statements_covered": 0.0, "percent_statements_covered_display": "0", "num_branches": 12, "num_partial_branches": 0, "covered_branches": 0, "missing_branches": 12, "percent_branches_covered": 0.0, "percent_branches_covered_display": "0"}, "missing_lines": [140, 143, 146, 147, 148, 149, 150, 161, 169, 173, 174, 175, 176, 180, 181, 182, 183, 184, 185, 186, 191, 198, 199, 206, 208, 209, 210, 212, 213], "excluded_lines": [], "executed_branches": [], "missing_branches": [[146, 147], [146, 161], [147, 146], [147, 148], [149, 146], [149, 150], [176, -134], [176, 180], [180, -134], [180, 181], [210, 212], [210, 213]]}, "ConnectionManager.list_tools": {"executed_lines": [], "summary": {"covered_lines": 0, "num_statements": 3, "percent_covered": 0.0, "percent_covered_display": "0", "missing_lines": 3, "excluded_lines": 0, "percent_statements_covered": 0.0, "percent_statements_covered_display": "0", "num_branches": 0, "num_partial_branches": 0, "covered_branches": 0, "missing_branches": 0, "percent_branches_covered": 100.0, "percent_branches_covered_display": "100"}, "missing_lines": [217, 218, 219], "excluded_lines": [], "executed_branches": [], "missing_branches": []}, "ConnectionManager.call_tool": {"executed_lines": [], "summary": {"covered_lines": 0, "num_statements": 3, "percent_covered": 0.0, "percent_covered_display": "0", "missing_lines": 3, "excluded_lines": 0, "percent_statements_covered": 0.0, "percent_statements_covered_display": "0", "num_branches": 0, "num_partial_branches": 0, "covered_branches": 0, "missing_branches": 0, "percent_branches_covered": 100.0, "percent_branches_covered_display": "100"}, "missing_lines": [235, 236, 237], "excluded_lines": [], "executed_branches": [], "missing_branches": []}, "": {"executed_lines": [1, 3, 5, 6, 7, 8, 9, 10, 11, 13, 14, 15, 17, 20, 23, 24, 25, 27, 28, 29, 32, 33, 34, 36, 37, 38, 39, 41, 50, 55, 77, 105, 106, 116, 117, 119, 123, 134, 135, 215, 231], "summary": {"covered_lines": 37, "num_statements": 37, "percent_covered": 100.0, "percent_covered_display": "100", "missing_lines": 0, "excluded_lines": 0, "percent_statements_covered": 100.0, "percent_statements_covered_display": "100", "num_branches": 0, "num_partial_branches": 0, "covered_branches": 0, "missing_branches": 0, "percent_branches_covered": 100.0, "percent_branches_covered_display": "100"}, "missing_lines": [], "excluded_lines": [], "executed_branches": [], "missing_branches": []}}, "classes": {"ServerConnection": {"executed_lines": [], "summary": {"covered_lines": 0, "num_statements": 0, "percent_covered": 100.0, "percent_covered_display": "100", "missing_lines": 0, "excluded_lines": 0, "percent_statements_covered": 100.0, "percent_statements_covered_display": "100", "num_branches": 0, "num_partial_branches": 0, "covered_branches": 0, "missing_branches": 0, "percent_branches_covered": 100.0, "percent_branches_covered_display": "100"}, "missing_lines": [], "excluded_lines": [], "executed_branches": [], "missing_branches": []}, "ToolInfo": {"executed_lines": [], "summary": {"covered_lines": 0, "num_statements": 35, "percent_covered": 0.0, "percent_covered_display": "0", "missing_lines": 35, "excluded_lines": 0, "percent_statements_covered": 0.0, "percent_statements_covered_display": "0", "num_branches": 16, "num_partial_branches": 0, "covered_branches": 0, "missing_branches": 16, "percent_branches_covered": 0.0, "percent_branches_covered_display": "0"}, "missing_lines": [43, 52, 53, 60, 61, 64, 66, 67, 68, 69, 71, 72, 73, 75, 79, 80, 83, 84, 85, 86, 87, 88, 89, 90, 91, 92, 93, 94, 95, 96, 98, 100, 102, 103, 108], "excluded_lines": [], "executed_branches": [], "missing_branches": [[67, 68], [67, 69], [69, 71], [69, 75], [84, 85], [84, 100], [87, 88], [87, 89], [89, 90], [89, 91], [91, 92], [91, 93], [93, 94], [93, 95], [95, 96], [95, 98]]}, "ConnectionManager": {"executed_lines": [], "summary": {"covered_lines": 0, "num_statements": 41, "percent_covered": 0.0, "percent_covered_display": "0", "missing_lines": 41, "excluded_lines": 0, "percent_statements_covered": 0.0, "percent_statements_covered_display": "0", "num_branches": 14, "num_partial_branches": 0, "covered_branches": 0, "missing_branches": 14, "percent_branches_covered": 0.0, "percent_branches_covered_display": "0"}, "missing_lines": [120, 121, 125, 126, 127, 132, 140, 143, 146, 147, 148, 149, 150, 161, 169, 173, 174, 175, 176, 180, 181, 182, 183, 184, 185, 186, 191, 198, 199, 206, 208, 209, 210, 212, 213, 217, 218, 219, 235, 236, 237], "excluded_lines": [], "executed_branches": [], "missing_branches": [[125, 126], [125, 132], [146, 147], [146, 161], [147, 146], [147, 148], [149, 146], [149, 150], [176, -134], [176, 180], [180, -134], [180, 181], [210, 212], [210, 213]]}, "": {"executed_lines": [1, 3, 5, 6, 7, 8, 9, 10, 11, 13, 14, 15, 17, 20, 23, 24, 25, 27, 28, 29, 32, 33, 34, 36, 37, 38, 39, 41, 50, 55, 77, 105, 106, 116, 117, 119, 123, 134, 135, 215, 231], "summary": {"covered_lines": 37, "num_statements": 37, "percent_covered": 100.0, "percent_covered_display": "100", "missing_lines": 0, "excluded_lines": 0, "percent_statements_covered": 100.0, "percent_statements_covered_display": "100", "num_branches": 0, "num_partial_branches": 0, "covered_branches": 0, "missing_branches": 0, "percent_branches_covered": 100.0, "percent_branches_covered_display": "100"}, "missing_lines": [], "excluded_lines": [], "executed_branches": [], "missing_branches": []}}}, "mcp_launchpad/daemon.py": {"executed_lines": [], "summary": {"covered_lines": 0, "num_statements": 325, "percent_covered": 0.0, "percent_covered_display": "0", "missing_lines": 325, "excluded_lines": 0, "percent_statements_covered": 0.0, "percent_statements_covered_display": "0", "num_branches": 108, "num_partial_branches": 0, "covered_branches": 0, "missing_branches": 108, "percent_branches_covered": 0.0, "percent_branches_covered_display": "0"}, "missing_lines": [3, 5, 6, 7, 8, 9, 10, 11, 12, 13, 15, 16, 18, 19, 20, 31, 34, 37, 40, 43, 47, 50, 53, 54, 57, 58, 59, 60, 61, 62, 63, 66, 67, 70, 71, 72, 73, 74, 75, 78, 81, 82, 87, 88, 90, 92, 95, 98, 101, 104, 105, 108, 111, 113, 115, 116, 118, 119, 121, 123, 125, 126, 127, 130, 132, 133, 136, 137, 139, 141, 142, 143, 145, 147, 148, 150, 151, 154, 156, 163, 167, 169, 170, 171, 172, 174, 175, 177, 179, 183, 185, 186, 188, 189, 190, 191, 194, 195, 198, 200, 201, 205, 206, 207, 214, 218, 219, 221, 222, 223, 224, 226, 227, 232, 233, 235, 236, 239, 240, 241, 242, 243, 244, 247, 248, 252, 254, 255, 259, 262, 264, 265, 267, 268, 269, 272, 274, 275, 276, 278, 279, 281, 282, 283, 289, 293, 294, 295, 297, 299, 300, 301, 307, 310, 311, 315, 320, 321, 322, 323, 324, 325, 326, 330, 331, 332, 333, 334, 335, 336, 337, 340, 341, 342, 343, 346, 347, 348, 359, 363, 364, 370, 372, 373, 376, 377, 378, 379, 380, 389, 390, 392, 394, 396, 397, 398, 405, 406, 407, 409, 412, 413, 414, 417, 422, 423, 426, 429, 436, 440, 441, 442, 443, 444, 445, 446, 448, 449, 451, 454, 455, 458, 460, 462, 464, 466, 467, 469, 470, 478, 480, 482, 483, 484, 489, 496, 509, 510, 512, 514, 523, 524, 526, 527, 531, 533, 534, 536, 537, 540, 541, 542, 543, 546, 547, 548, 549, 552, 553, 556, 557, 558, 559, 561, 563, 564, 566, 567, 570, 571, 573, 575, 578, 581, 582, 583, 584, 587, 588, 592, 595, 596, 597, 598, 599, 600, 601, 602, 605, 607, 609, 611, 612, 614, 616, 617, 619, 625, 627, 628, 629, 631, 632, 633, 634, 635, 636, 637, 638, 641, 644, 650, 651, 652, 655, 657, 659, 660, 661, 663, 664, 665, 666, 669, 670], "excluded_lines": [], "executed_branches": [], "missing_branches": [[115, 116], [115, 118], [130, 132], [130, 136], [132, -121], [132, 133], [136, -121], [136, 137], [141, -139], [141, 142], [150, 151], [150, 254], [170, 171], [170, 174], [194, 195], [194, 198], [226, 227], [226, 232], [239, 240], [239, 247], [247, 150], [247, 248], [254, -145], [254, 255], [268, 269], [268, 274], [274, 275], [274, 278], [278, 279], [278, 281], [281, 282], [281, 289], [299, 300], [299, 307], [310, 311], [310, 320], [311, 315], [311, 320], [321, 322], [321, 346], [323, 324], [323, 325], [325, 326], [325, 343], [330, 331], [330, 342], [333, 334], [333, 342], [336, 337], [336, 342], [372, 373], [372, 376], [394, 396], [394, 405], [412, 413], [412, 422], [422, 423], [422, 436], [440, 441], [440, 451], [442, 443], [442, 449], [443, 444], [443, 445], [445, 446], [445, 448], [455, 458], [455, 460], [466, 467], [466, 469], [483, 484], [483, 489], [509, 510], [509, 512], [526, 527], [526, 531], [533, 534], [533, 536], [536, -514], [536, 537], [540, 541], [540, 546], [546, 547], [546, 556], [548, 549], [548, 556], [556, 536], [556, 557], [563, -561], [563, 564], [566, 563], [566, 567], [581, 582], [581, 587], [582, 581], [582, 583], [587, 588], [587, 595], [595, 596], [595, 605], [597, 595], [597, 598], [631, -619], [631, 632], [633, -619], [633, 634], [669, -1], [669, 670]], "functions": {"Daemon.__init__": {"executed_lines": [], "summary": {"covered_lines": 0, "num_statements": 3, "percent_covered": 0.0, "percent_covered_display": "0", "missing_lines": 3, "excluded_lines": 0, "percent_statements_covered": 0.0, "percent_statements_covered_display": "0", "num_branches": 0, "num_partial_branches": 0, "covered_branches": 0, "missing_branches": 0, "percent_branches_covered": 100.0, "percent_branches_covered_display": "100"}, "missing_lines": [82, 87, 88], "excluded_lines": [], "executed_branches": [], "missing_branches": []}, "Daemon.start": {"executed_lines": [], "summary": {"covered_lines": 0, "num_statements": 13, "percent_covered": 0.0, "percent_covered_display": "0", "missing_lines": 13, "excluded_lines": 0, "percent_statements_covered": 0.0, "percent_statements_covered_display": "0", "num_branches": 2, "num_partial_branches": 0, "covered_branches": 0, "missing_branches": 2, "percent_branches_covered": 0.0, "percent_branches_covered_display": "0"}, "missing_lines": [92, 95, 98, 101, 104, 105, 108, 111, 113, 115, 116, 118, 119], "excluded_lines": [], "executed_branches": [], "missing_branches": [[115, 116], [115, 118]]}, "Daemon._setup_signal_handlers": {"executed_lines": [], "summary": {"covered_lines": 0, "num_statements": 7, "percent_covered": 0.0, "percent_covered_display": "0", "missing_lines": 7, "excluded_lines": 0, "percent_statements_covered": 0.0, "percent_statements_covered_display": "0", "num_branches": 6, "num_partial_branches": 0, "covered_branches": 0, "missing_branches": 6, "percent_branches_covered": 0.0, "percent_branches_covered_display": "0"}, "missing_lines": [123, 125, 130, 132, 133, 136, 137], "excluded_lines": [], "executed_branches": [], "missing_branches": [[130, 132], [130, 136], [132, -121], [132, 133], [136, -121], [136, 137]]}, "Daemon._setup_signal_handlers.handle_signal": {"executed_lines": [], "summary": {"covered_lines": 0, "num_statements": 2, "percent_covered": 0.0, "percent_covered_display": "0", "missing_lines": 2, "excluded_lines": 0, "percent_statements_covered": 0.0, "percent_statements_covered_display": "0", "num_branches": 0, "num_partial_branches": 0, "covered_branches": 0, "missing_branches": 0, "percent_branches_covered": 100.0, "percent_branches_covered_display": "100"}, "missing_lines": [126, 127], "excluded_lines": [], "executed_branches": [], "missing_branches": []}, "Daemon._connect_all_servers": {"executed_lines": [], "summary": {"covered_lines": 0, "num_statements": 3, "percent_covered": 0.0, "percent_covered_display": "0", "missing_lines": 3, "excluded_lines": 0, "percent_statements_covered": 0.0, "percent_statements_covered_display": "0", "num_branches": 2, "num_partial_branches": 0, "covered_branches": 0, "missing_branches": 2, "percent_branches_covered": 0.0, "percent_branches_covered_display": "0"}, "missing_lines": [141, 142, 143], "excluded_lines": [], "executed_branches": [], "missing_branches": [[141, -139], [141, 142]]}, "Daemon._connect_server": {"executed_lines": [], "summary": {"covered_lines": 0, "num_statements": 55, "percent_covered": 0.0, "percent_covered_display": "0", "missing_lines": 55, "excluded_lines": 0, "percent_statements_covered": 0.0, "percent_statements_covered_display": "0", "num_branches": 14, "num_partial_branches": 0, "covered_branches": 0, "missing_branches": 14, "percent_branches_covered": 0.0, "percent_branches_covered_display": "0"}, "missing_lines": [147, 148, 150, 151, 154, 156, 163, 167, 169, 170, 171, 172, 174, 175, 177, 179, 183, 185, 186, 188, 189, 190, 191, 194, 195, 198, 200, 201, 205, 206, 207, 214, 218, 219, 221, 222, 223, 224, 226, 227, 232, 233, 235, 236, 239, 240, 241, 242, 243, 244, 247, 248, 252, 254, 255], "excluded_lines": [], "executed_branches": [], "missing_branches": [[150, 151], [150, 254], [170, 171], [170, 174], [194, 195], [194, 198], [226, 227], [226, 232], [239, 240], [239, 247], [247, 150], [247, 248], [254, -145], [254, 255]]}, "Daemon._handle_request": {"executed_lines": [], "summary": {"covered_lines": 0, "num_statements": 19, "percent_covered": 0.0, "percent_covered_display": "0", "missing_lines": 19, "excluded_lines": 0, "percent_statements_covered": 0.0, "percent_statements_covered_display": "0", "num_branches": 8, "num_partial_branches": 0, "covered_branches": 0, "missing_branches": 8, "percent_branches_covered": 0.0, "percent_branches_covered_display": "0"}, "missing_lines": [262, 264, 265, 267, 268, 269, 272, 274, 275, 276, 278, 279, 281, 282, 283, 289, 293, 294, 295], "excluded_lines": [], "executed_branches": [], "missing_branches": [[268, 269], [268, 274], [274, 275], [274, 278], [278, 279], [278, 281], [281, 282], [281, 289]]}, "Daemon._ensure_server_connected": {"executed_lines": [], "summary": {"covered_lines": 0, "num_statements": 29, "percent_covered": 0.0, "percent_covered_display": "0", "missing_lines": 29, "excluded_lines": 0, "percent_statements_covered": 0.0, "percent_statements_covered_display": "0", "num_branches": 18, "num_partial_branches": 0, "covered_branches": 0, "missing_branches": 18, "percent_branches_covered": 0.0, "percent_branches_covered_display": "0"}, "missing_lines": [299, 300, 301, 307, 310, 311, 315, 320, 321, 322, 323, 324, 325, 326, 330, 331, 332, 333, 334, 335, 336, 337, 340, 341, 342, 343, 346, 347, 348], "excluded_lines": [], "executed_branches": [], "missing_branches": [[299, 300], [299, 307], [310, 311], [310, 320], [311, 315], [311, 320], [321, 322], [321, 346], [323, 324], [323, 325], [325, 326], [325, 343], [330, 331], [330, 342], [333, 334], [333, 342], [336, 337], [336, 342]]}, "Daemon._call_tool": {"executed_lines": [], "summary": {"covered_lines": 0, "num_statements": 44, "percent_covered": 0.0, "percent_covered_display": "0", "missing_lines": 44, "excluded_lines": 0, "percent_statements_covered": 0.0, "percent_statements_covered_display": "0", "num_branches": 18, "num_partial_branches": 0, "covered_branches": 0, "missing_branches": 18, "percent_branches_covered": 0.0, "percent_branches_covered_display": "0"}, "missing_lines": [363, 364, 370, 372, 373, 376, 377, 378, 379, 380, 389, 390, 392, 394, 396, 397, 398, 405, 406, 407, 409, 412, 413, 414, 417, 422, 423, 426, 429, 436, 440, 441, 442, 443, 444, 445, 446, 448, 449, 451, 454, 455, 458, 460], "excluded_lines": [], "executed_branches": [], "missing_branches": [[372, 373], [372, 376], [394, 396], [394, 405], [412, 413], [412, 422], [422, 423], [422, 436], [440, 441], [440, 451], [442, 443], [442, 449], [443, 444], [443, 445], [445, 446], [445, 448], [455, 458], [455, 460]]}, "Daemon._list_tools": {"executed_lines": [], "summary": {"covered_lines": 0, "num_statements": 6, "percent_covered": 0.0, "percent_covered_display": "0", "missing_lines": 6, "excluded_lines": 0, "percent_statements_covered": 0.0, "percent_statements_covered_display": "0", "num_branches": 2, "num_partial_branches": 0, "covered_branches": 0, "missing_branches": 2, "percent_branches_covered": 0.0, "percent_branches_covered_display": "0"}, "missing_lines": [464, 466, 467, 469, 470, 478], "excluded_lines": [], "executed_branches": [], "missing_branches": [[466, 467], [466, 469]]}, "Daemon._get_status": {"executed_lines": [], "summary": {"covered_lines": 0, "num_statements": 4, "percent_covered": 0.0, "percent_covered_display": "0", "missing_lines": 4, "excluded_lines": 0, "percent_statements_covered": 0.0, "percent_statements_covered_display": "0", "num_branches": 2, "num_partial_branches": 0, "covered_branches": 0, "missing_branches": 2, "percent_branches_covered": 0.0, "percent_branches_covered_display": "0"}, "missing_lines": [482, 483, 484, 489], "excluded_lines": [], "executed_branches": [], "missing_branches": [[483, 484], [483, 489]]}, "Daemon._monitor_parent": {"executed_lines": [], "summary": {"covered_lines": 0, "num_statements": 3, "percent_covered": 0.0, "percent_covered_display": "0", "missing_lines": 3, "excluded_lines": 0, "percent_statements_covered": 0.0, "percent_statements_covered_display": "0", "num_branches": 2, "num_partial_branches": 0, "covered_branches": 0, "missing_branches": 2, "percent_branches_covered": 0.0, "percent_branches_covered_display": "0"}, "missing_lines": [509, 510, 512], "excluded_lines": [], "executed_branches": [], "missing_branches": [[509, 510], [509, 512]]}, "Daemon._monitor_ide_session": {"executed_lines": [], "summary": {"covered_lines": 0, "num_statements": 23, "percent_covered": 0.0, "percent_covered_display": "0", "missing_lines": 23, "excluded_lines": 0, "percent_statements_covered": 0.0, "percent_statements_covered_display": "0", "num_branches": 14, "num_partial_branches": 0, "covered_branches": 0, "missing_branches": 14, "percent_branches_covered": 0.0, "percent_branches_covered_display": "0"}, "missing_lines": [523, 524, 526, 527, 531, 533, 534, 536, 537, 540, 541, 542, 543, 546, 547, 548, 549, 552, 553, 556, 557, 558, 559], "excluded_lines": [], "executed_branches": [], "missing_branches": [[526, 527], [526, 531], [533, 534], [533, 536], [536, -514], [536, 537], [540, 541], [540, 546], [546, 547], [546, 556], [548, 549], [548, 556], [556, 536], [556, 557]]}, "Daemon._monitor_parent_process": {"executed_lines": [], "summary": {"covered_lines": 0, "num_statements": 6, "percent_covered": 0.0, "percent_covered_display": "0", "missing_lines": 6, "excluded_lines": 0, "percent_statements_covered": 0.0, "percent_statements_covered_display": "0", "num_branches": 4, "num_partial_branches": 0, "covered_branches": 0, "missing_branches": 4, "percent_branches_covered": 0.0, "percent_branches_covered_display": "0"}, "missing_lines": [563, 564, 566, 567, 570, 571], "excluded_lines": [], "executed_branches": [], "missing_branches": [[563, -561], [563, 564], [566, 563], [566, 567]]}, "Daemon._shutdown": {"executed_lines": [], "summary": {"covered_lines": 0, "num_statements": 19, "percent_covered": 0.0, "percent_covered_display": "0", "missing_lines": 19, "excluded_lines": 0, "percent_statements_covered": 0.0, "percent_statements_covered_display": "0", "num_branches": 10, "num_partial_branches": 0, "covered_branches": 0, "missing_branches": 10, "percent_branches_covered": 0.0, "percent_branches_covered_display": "0"}, "missing_lines": [575, 578, 581, 582, 583, 584, 587, 588, 592, 595, 596, 597, 598, 599, 600, 601, 602, 605, 607], "excluded_lines": [], "executed_branches": [], "missing_branches": [[581, 582], [581, 587], [582, 581], [582, 583], [587, 588], [587, 595], [595, 596], [595, 605], [597, 595], [597, 598]]}, "Daemon._write_pid_file": {"executed_lines": [], "summary": {"covered_lines": 0, "num_statements": 2, "percent_covered": 0.0, "percent_covered_display": "0", "missing_lines": 2, "excluded_lines": 0, "percent_statements_covered": 0.0, "percent_statements_covered_display": "0", "num_branches": 0, "num_partial_branches": 0, "covered_branches": 0, "missing_branches": 0, "percent_branches_covered": 100.0, "percent_branches_covered_display": "100"}, "missing_lines": [611, 612], "excluded_lines": [], "executed_branches": [], "missing_branches": []}, "Daemon._remove_pid_file": {"executed_lines": [], "summary": {"covered_lines": 0, "num_statements": 2, "percent_covered": 0.0, "percent_covered_display": "0", "missing_lines": 2, "excluded_lines": 0, "percent_statements_covered": 0.0, "percent_statements_covered_display": "0", "num_branches": 0, "num_partial_branches": 0, "covered_branches": 0, "missing_branches": 0, "percent_branches_covered": 100.0, "percent_branches_covered_display": "100"}, "missing_lines": [616, 617], "excluded_lines": [], "executed_branches": [], "missing_branches": []}, "Daemon._cleanup_orphaned_stderr_files": {"executed_lines": [], "summary": {"covered_lines": 0, "num_statements": 12, "percent_covered": 0.0, "percent_covered_display": "0", "missing_lines": 12, "excluded_lines": 0, "percent_statements_covered": 0.0, "percent_statements_covered_display": "0", "num_branches": 4, "num_partial_branches": 0, "covered_branches": 0, "missing_branches": 4, "percent_branches_covered": 0.0, "percent_branches_covered_display": "0"}, "missing_lines": [625, 627, 628, 629, 631, 632, 633, 634, 635, 636, 637, 638], "excluded_lines": [], "executed_branches": [], "missing_branches": [[631, -619], [631, 632], [633, -619], [633, 634]]}, "run_daemon": {"executed_lines": [], "summary": {"covered_lines": 0, "num_statements": 4, "percent_covered": 0.0, "percent_covered_display": "0", "missing_lines": 4, "excluded_lines": 0, "percent_statements_covered": 0.0, "percent_statements_covered_display": "0", "num_branches": 0, "num_partial_branches": 0, "covered_branches": 0, "missing_branches": 0, "percent_branches_covered": 100.0, "percent_branches_covered_display": "100"}, "missing_lines": [644, 650, 651, 652], "excluded_lines": [], "executed_branches": [], "missing_branches": []}, "main": {"executed_lines": [], "summary": {"covered_lines": 0, "num_statements": 8, "percent_covered": 0.0, "percent_covered_display": "0", "missing_lines": 8, "excluded_lines": 0, "percent_statements_covered": 0.0, "percent_statements_covered_display": "0", "num_branches": 0, "num_partial_branches": 0, "covered_branches": 0, "missing_branches": 0, "percent_branches_covered": 100.0, "percent_branches_covered_display": "100"}, "missing_lines": [657, 659, 660, 661, 663, 664, 665, 666], "excluded_lines": [], "executed_branches": [], "missing_branches": []}, "": {"executed_lines": [], "summary": {"covered_lines": 0, "num_statements": 61, "percent_covered": 0.0, "percent_covered_display": "0", "missing_lines": 61, "excluded_lines": 0, "percent_statements_covered": 0.0, "percent_statements_covered_display": "0", "num_branches": 2, "num_partial_branches": 0, "covered_branches": 0, "missing_branches": 2, "percent_branches_covered": 0.0, "percent_branches_covered_display": "0"}, "missing_lines": [3, 5, 6, 7, 8, 9, 10, 11, 12, 13, 15, 16, 18, 19, 20, 31, 34, 37, 40, 43, 47, 50, 53, 54, 57, 58, 59, 60, 61, 62, 63, 66, 67, 70, 71, 72, 73, 74, 75, 78, 81, 90, 121, 139, 145, 259, 297, 359, 462, 480, 496, 514, 561, 573, 609, 614, 619, 641, 655, 669, 670], "excluded_lines": [], "executed_branches": [], "missing_branches": [[669, -1], [669, 670]]}}, "classes": {"ServerState": {"executed_lines": [], "summary": {"covered_lines": 0, "num_statements": 0, "percent_covered": 100.0, "percent_covered_display": "100", "missing_lines": 0, "excluded_lines": 0, "percent_statements_covered": 100.0, "percent_statements_covered_display": "100", "num_branches": 0, "num_partial_branches": 0, "covered_branches": 0, "missing_branches": 0, "percent_branches_covered": 100.0, "percent_branches_covered_display": "100"}, "missing_lines": [], "excluded_lines": [], "executed_branches": [], "missing_branches": []}, "DaemonState": {"executed_lines": [], "summary": {"covered_lines": 0, "num_statements": 0, "percent_covered": 100.0, "percent_covered_display": "100", "missing_lines": 0, "excluded_lines": 0, "percent_statements_covered": 100.0, "percent_statements_covered_display": "100", "num_branches": 0, "num_partial_branches": 0, "covered_branches": 0, "missing_branches": 0, "percent_branches_covered": 100.0, "percent_branches_covered_display": "100"}, "missing_lines": [], "excluded_lines": [], "executed_branches": [], "missing_branches": []}, "Daemon": {"executed_lines": [], "summary": {"covered_lines": 0, "num_statements": 252, "percent_covered": 0.0, "percent_covered_display": "0", "missing_lines": 252, "excluded_lines": 0, "percent_statements_covered": 0.0, "percent_statements_covered_display": "0", "num_branches": 106, "num_partial_branches": 0, "covered_branches": 0, "missing_branches": 106, "percent_branches_covered": 0.0, "percent_branches_covered_display": "0"}, "missing_lines": [82, 87, 88, 92, 95, 98, 101, 104, 105, 108, 111, 113, 115, 116, 118, 119, 123, 125, 126, 127, 130, 132, 133, 136, 137, 141, 142, 143, 147, 148, 150, 151, 154, 156, 163, 167, 169, 170, 171, 172, 174, 175, 177, 179, 183, 185, 186, 188, 189, 190, 191, 194, 195, 198, 200, 201, 205, 206, 207, 214, 218, 219, 221, 222, 223, 224, 226, 227, 232, 233, 235, 236, 239, 240, 241, 242, 243, 244, 247, 248, 252, 254, 255, 262, 264, 265, 267, 268, 269, 272, 274, 275, 276, 278, 279, 281, 282, 283, 289, 293, 294, 295, 299, 300, 301, 307, 310, 311, 315, 320, 321, 322, 323, 324, 325, 326, 330, 331, 332, 333, 334, 335, 336, 337, 340, 341, 342, 343, 346, 347, 348, 363, 364, 370, 372, 373, 376, 377, 378, 379, 380, 389, 390, 392, 394, 396, 397, 398, 405, 406, 407, 409, 412, 413, 414, 417, 422, 423, 426, 429, 436, 440, 441, 442, 443, 444, 445, 446, 448, 449, 451, 454, 455, 458, 460, 464, 466, 467, 469, 470, 478, 4
[...]
, 241, 244, 245, 246, 247, 249, 251, 252, 253, 255, 256, 261, 262, 263], "summary": {"covered_lines": 22, "num_statements": 26, "percent_covered": 89.47368421052632, "percent_covered_display": "89", "missing_lines": 4, "excluded_lines": 0, "percent_statements_covered": 84.61538461538461, "percent_statements_covered_display": "85", "num_branches": 12, "num_partial_branches": 0, "covered_branches": 12, "missing_branches": 0, "percent_branches_covered": 100.0, "percent_branches_covered_display": "100"}, "missing_lines": [257, 258, 264, 265], "excluded_lines": [], "executed_branches": [[232, 233], [232, 236], [236, 237], [236, 240], [240, 241], [240, 244], [244, 245], [244, 261], [247, 249], [247, 255], [261, -218], [261, 262]], "missing_branches": []}, "SessionClient._start_daemon": {"executed_lines": [271, 272, 275, 276, 280, 281, 284, 285, 286, 288, 290, 304, 314], "summary": {"covered_lines": 13, "num_statements": 16, "percent_covered": 75.0, "percent_covered_display": "75", "missing_lines": 3, "excluded_lines": 0, "percent_statements_covered": 81.25, "percent_statements_covered_display": "81", "num_branches": 4, "num_partial_branches": 2, "covered_branches": 2, "missing_branches": 2, "percent_branches_covered": 50.0, "percent_branches_covered_display": "50"}, "missing_lines": [292, 293, 294], "excluded_lines": [], "executed_branches": [[275, 276], [290, 304]], "missing_branches": [[275, 280], [290, 292]]}, "": {"executed_lines": [1, 3, 4, 5, 6, 7, 8, 10, 11, 12, 24, 27, 32, 33, 35, 38, 54, 62, 67, 74, 128, 185, 218, 267], "summary": {"covered_lines": 22, "num_statements": 22, "percent_covered": 100.0, "percent_covered_display": "100", "missing_lines": 0, "excluded_lines": 0, "percent_statements_covered": 100.0, "percent_statements_covered_display": "100", "num_branches": 0, "num_partial_branches": 0, "covered_branches": 0, "missing_branches": 0, "percent_branches_covered": 100.0, "percent_branches_covered_display": "100"}, "missing_lines": [], "excluded_lines": [], "executed_branches": [], "missing_branches": []}}, "classes": {"SessionClient": {"executed_lines": [36, 42, 52, 56, 59, 60, 64, 65, 69, 70, 71, 72, 77, 80, 81, 82, 91, 92, 93, 94, 96, 97, 98, 108, 109, 111, 121, 125, 126, 130, 135, 138, 141, 142, 143, 145, 148, 149, 150, 153, 154, 155, 156, 157, 158, 165, 168, 170, 183, 188, 189, 191, 193, 195, 197, 198, 199, 201, 202, 204, 226, 228, 229, 232, 233, 236, 237, 240, 241, 244, 245, 246, 247, 249, 251, 252, 253, 255, 256, 261, 262, 263, 271, 272, 275, 276, 280, 281, 284, 285, 286, 288, 290, 304, 314], "summary": {"covered_lines": 95, "num_statements": 123, "percent_covered": 74.55621301775147, "percent_covered_display": "75", "missing_lines": 28, "excluded_lines": 0, "percent_statements_covered": 77.23577235772358, "percent_statements_covered_display": "77", "num_branches": 46, "num_partial_branches": 13, "covered_branches": 31, "missing_branches": 15, "percent_branches_covered": 67.3913043478261, "percent_branches_covered_display": "67"}, "missing_lines": [83, 115, 123, 131, 144, 160, 161, 162, 163, 166, 194, 203, 205, 206, 209, 210, 211, 212, 213, 214, 216, 257, 258, 264, 265, 292, 293, 294], "excluded_lines": [], "executed_branches": [[82, 91], [96, 97], [96, 108], [108, 109], [111, 121], [130, 135], [142, 143], [142, 148], [143, 145], [154, 155], [158, 165], [165, 168], [191, 193], [191, 197], [193, 195], [199, 201], [202, 204], [232, 233], [232, 236], [236, 237], [236, 240], [240, 241], [240, 244], [244, 245], [244, 261], [247, 249], [247, 255], [261, -218], [261, 262], [275, 276], [290, 304]], "missing_branches": [[82, 83], [108, 123], [111, 115], [130, 131], [143, 144], [154, 165], [158, 160], [165, 166], [193, 194], [199, 209], [202, 203], [210, 211], [210, 216], [275, 280], [290, 292]]}, "": {"executed_lines": [1, 3, 4, 5, 6, 7, 8, 10, 11, 12, 24, 27, 32, 33, 35, 38, 54, 62, 67, 74, 128, 185, 218, 267], "summary": {"covered_lines": 22, "num_statements": 22, "percent_covered": 100.0, "percent_covered_display": "100", "missing_lines": 0, "excluded_lines": 0, "percent_statements_covered": 100.0, "percent_statements_covered_display": "100", "num_branches": 0, "num_partial_branches": 0, "covered_branches": 0, "missing_branches": 0, "percent_branches_covered": 100.0, "percent_branches_covered_display": "100"}, "missing_lines": [], "excluded_lines": [], "executed_branches": [], "missing_branches": []}}}, "mcp_launchpad/state.py": {"executed_lines": [], "summary": {"covered_lines": 0, "num_statements": 54, "percent_covered": 0.0, "percent_covered_display": "0", "missing_lines": 54, "excluded_lines": 0, "percent_statements_covered": 0.0, "percent_statements_covered_display": "0", "num_branches": 10, "num_partial_branches": 0, "covered_branches": 0, "missing_branches": 10, "percent_branches_covered": 0.0, "percent_branches_covered_display": "0"}, "missing_lines": [3, 4, 5, 7, 10, 11, 14, 21, 22, 23, 24, 25, 27, 29, 31, 33, 34, 35, 37, 38, 39, 41, 46, 47, 49, 51, 52, 53, 55, 57, 59, 61, 63, 65, 66, 68, 69, 70, 71, 72, 74, 76, 77, 79, 80, 81, 82, 83, 85, 87, 93, 95, 97, 99], "excluded_lines": [], "executed_branches": [], "missing_branches": [[33, 34], [33, 37], [65, 66], [65, 68], [68, 69], [68, 72], [76, 77], [76, 79], [79, 80], [79, 83]], "functions": {"ServerState.__init__": {"executed_lines": [], "summary": {"covered_lines": 0, "num_statements": 4, "percent_covered": 0.0, "percent_covered_display": "0", "missing_lines": 4, "excluded_lines": 0, "percent_statements_covered": 0.0, "percent_statements_covered_display": "0", "num_branches": 0, "num_partial_branches": 0, "covered_branches": 0, "missing_branches": 0, "percent_branches_covered": 100.0, "percent_branches_covered_display": "100"}, "missing_lines": [22, 23, 24, 25], "excluded_lines": [], "executed_branches": [], "missing_branches": []}, "ServerState._ensure_state_dir": {"executed_lines": [], "summary": {"covered_lines": 0, "num_statements": 1, "percent_covered": 0.0, "percent_covered_display": "0", "missing_lines": 1, "excluded_lines": 0, "percent_statements_covered": 0.0, "percent_statements_covered_display": "0", "num_branches": 0, "num_partial_branches": 0, "covered_branches": 0, "missing_branches": 0, "percent_branches_covered": 100.0, "percent_branches_covered_display": "100"}, "missing_lines": [29], "excluded_lines": [], "executed_branches": [], "missing_branches": []}, "ServerState._load": {"executed_lines": [], "summary": {"covered_lines": 0, "num_statements": 9, "percent_covered": 0.0, "percent_covered_display": "0", "missing_lines": 9, "excluded_lines": 0, "percent_statements_covered": 0.0, "percent_statements_covered_display": "0", "num_branches": 2, "num_partial_branches": 0, "covered_branches": 0, "missing_branches": 2, "percent_branches_covered": 0.0, "percent_branches_covered_display": "0"}, "missing_lines": [33, 34, 35, 37, 38, 39, 41, 46, 47], "excluded_lines": [], "executed_branches": [], "missing_branches": [[33, 34], [33, 37]]}, "ServerState._save": {"executed_lines": [], "summary": {"covered_lines": 0, "num_statements": 3, "percent_covered": 0.0, "percent_covered_display": "0", "missing_lines": 3, "excluded_lines": 0, "percent_statements_covered": 0.0, "percent_statements_covered_display": "0", "num_branches": 0, "num_partial_branches": 0, "covered_branches": 0, "missing_branches": 0, "percent_branches_covered": 100.0, "percent_branches_covered_display": "100"}, "missing_lines": [51, 52, 53], "excluded_lines": [], "executed_branches": [], "missing_branches": []}, "ServerState.is_enabled": {"executed_lines": [], "summary": {"covered_lines": 0, "num_statements": 1, "percent_covered": 0.0, "percent_covered_display": "0", "missing_lines": 1, "excluded_lines": 0, "percent_statements_covered": 0.0, "percent_statements_covered_display": "0", "num_branches": 0, "num_partial_branches": 0, "covered_branches": 0, "missing_branches": 0, "percent_branches_covered": 100.0, "percent_branches_covered_display": "100"}, "missing_lines": [57], "excluded_lines": [], "executed_branches": [], "missing_branches": []}, "ServerState.is_disabled": {"executed_lines": [], "summary": {"covered_lines": 0, "num_statements": 1, "percent_covered": 0.0, "percent_covered_display": "0", "missing_lines": 1, "excluded_lines": 0, "percent_statements_covered": 0.0, "percent_statements_covered_display": "0", "num_branches": 0, "num_partial_branches": 0, "covered_branches": 0, "missing_branches": 0, "percent_branches_covered": 100.0, "percent_branches_covered_display": "100"}, "missing_lines": [61], "excluded_lines": [], "executed_branches": [], "missing_branches": []}, "ServerState.enable": {"executed_lines": [], "summary": {"covered_lines": 0, "num_statements": 7, "percent_covered": 0.0, "percent_covered_display": "0", "missing_lines": 7, "excluded_lines": 0, "percent_statements_covered": 0.0, "percent_statements_covered_display": "0", "num_branches": 4, "num_partial_branches": 0, "covered_branches": 0, "missing_branches": 4, "percent_branches_covered": 0.0, "percent_branches_covered_display": "0"}, "missing_lines": [65, 66, 68, 69, 70, 71, 72], "excluded_lines": [], "executed_branches": [], "missing_branches": [[65, 66], [65, 68], [68, 69], [68, 72]]}, "ServerState.disable": {"executed_lines": [], "summary": {"covered_lines": 0, "num_statements": 7, "percent_covered": 0.0, "percent_covered_display": "0", "missing_lines": 7, "excluded_lines": 0, "percent_statements_covered": 0.0, "percent_statements_covered_display": "0", "num_branches": 4, "num_partial_branches": 0, "covered_branches": 0, "missing_branches": 4, "percent_branches_covered": 0.0, "percent_branches_covered_display": "0"}, "missing_lines": [76, 77, 79, 80, 81, 82, 83], "excluded_lines": [], "executed_branches": [], "missing_branches": [[76, 77], [76, 79], [79, 80], [79, 83]]}, "ServerState.get_enabled_servers": {"executed_lines": [], "summary": {"covered_lines": 0, "num_statements": 1, "percent_covered": 0.0, "percent_covered_display": "0", "missing_lines": 1, "excluded_lines": 0, "percent_statements_covered": 0.0, "percent_statements_covered_display": "0", "num_branches": 0, "num_partial_branches": 0, "covered_branches": 0, "missing_branches": 0, "percent_branches_covered": 100.0, "percent_branches_covered_display": "100"}, "missing_lines": [87], "excluded_lines": [], "executed_branches": [], "missing_branches": []}, "ServerState.get_disabled_servers": {"executed_lines": [], "summary": {"covered_lines": 0, "num_statements": 1, "percent_covered": 0.0, "percent_covered_display": "0", "missing_lines": 1, "excluded_lines": 0, "percent_statements_covered": 0.0, "percent_statements_covered_display": "0", "num_branches": 0, "num_partial_branches": 0, "covered_branches": 0, "missing_branches": 0, "percent_branches_covered": 100.0, "percent_branches_covered_display": "100"}, "missing_lines": [95], "excluded_lines": [], "executed_branches": [], "missing_branches": []}, "ServerState.to_dict": {"executed_lines": [], "summary": {"covered_lines": 0, "num_statements": 1, "percent_covered": 0.0, "percent_covered_display": "0", "missing_lines": 1, "excluded_lines": 0, "percent_statements_covered": 0.0, "percent_statements_covered_display": "0", "num_branches": 0, "num_partial_branches": 0, "covered_branches": 0, "missing_branches": 0, "percent_branches_covered": 100.0, "percent_branches_covered_display": "100"}, "missing_lines": [99], "excluded_lines": [], "executed_branches": [], "missing_branches": []}, "": {"executed_lines": [], "summary": {"covered_lines": 0, "num_statements": 18, "percent_covered": 0.0, "percent_covered_display": "0", "missing_lines": 18, "excluded_lines": 0, "percent_statements_covered": 0.0, "percent_statements_covered_display": "0", "num_branches": 0, "num_partial_branches": 0, "covered_branches": 0, "missing_branches": 0, "percent_branches_covered": 100.0, "percent_branches_covered_display": "100"}, "missing_lines": [3, 4, 5, 7, 10, 11, 14, 21, 27, 31, 49, 55, 59, 63, 74, 85, 93, 97], "excluded_lines": [], "executed_branches": [], "missing_branches": []}}, "classes": {"ServerState": {"executed_lines": [], "summary": {"covered_lines": 0, "num_statements": 36, "percent_covered": 0.0, "percent_covered_display": "0", "missing_lines": 36, "excluded_lines": 0, "percent_statements_covered": 0.0, "percent_statements_covered_display": "0", "num_branches": 10, "num_partial_branches": 0, "covered_branches": 0, "missing_branches": 10, "percent_branches_covered": 0.0, "percent_branches_covered_display": "0"}, "missing_lines": [22, 23, 24, 25, 29, 33, 34, 35, 37, 38, 39, 41, 46, 47, 51, 52, 53, 57, 61, 65, 66, 68, 69, 70, 71, 72, 76, 77, 79, 80, 81, 82, 83, 87, 95, 99], "excluded_lines": [], "executed_branches": [], "missing_branches": [[33, 34], [33, 37], [65, 66], [65, 68], [68, 69], [68, 72], [76, 77], [76, 79], [79, 80], [79, 83]]}, "": {"executed_lines": [], "summary": {"covered_lines": 0, "num_statements": 18, "percent_covered": 0.0, "percent_covered_display": "0", "missing_lines": 18, "excluded_lines": 0, "percent_statements_covered": 0.0, "percent_statements_covered_display": "0", "num_branches": 0, "num_partial_branches": 0, "covered_branches": 0, "missing_branches": 0, "percent_branches_covered": 100.0, "percent_branches_covered_display": "100"}, "missing_lines": [3, 4, 5, 7, 10, 11, 14, 21, 27, 31, 49, 55, 59, 63, 74, 85, 93, 97], "excluded_lines": [], "executed_branches": [], "missing_branches": []}}}, "mcp_launchpad/suggestions.py": {"executed_lines": [], "summary": {"covered_lines": 0, "num_statements": 75, "percent_covered": 0.0, "percent_covered_display": "0", "missing_lines": 75, "excluded_lines": 2, "percent_statements_covered": 0.0, "percent_statements_covered_display": "0", "num_branches": 26, "num_partial_branches": 0, "covered_branches": 0, "missing_branches": 26, "percent_branches_covered": 0.0, "percent_branches_covered_display": "0"}, "missing_lines": [3, 5, 6, 7, 13, 33, 34, 37, 38, 40, 42, 43, 44, 46, 49, 50, 53, 54, 57, 58, 59, 62, 65, 66, 68, 69, 72, 74, 77, 94, 97, 98, 99, 101, 102, 103, 104, 105, 106, 107, 109, 110, 111, 112, 114, 115, 117, 120, 129, 132, 140, 149, 150, 159, 176, 177, 180, 181, 182, 183, 185, 186, 187, 188, 189, 190, 192, 193, 194, 197, 199, 202, 203, 204, 206], "excluded_lines": [9, 10], "executed_branches": [], "missing_branches": [[33, 34], [33, 37], [42, 43], [42, 72], [49, 50], [49, 53], [53, 54], [53, 57], [58, 59], [58, 65], [68, 42], [68, 69], [97, 98], [97, 101], [101, 102], [101, 114], [104, 105], [104, 111], [106, 107], [106, 109], [180, 181], [180, 197], [182, 183], [182, 185], [187, 188], [187, 192]], "functions": {"find_similar_tools": {"executed_lines": [], "summary": {"covered_lines": 0, "num_statements": 23, "percent_covered": 0.0, "percent_covered_display": "0", "missing_lines": 23, "excluded_lines": 0, "percent_statements_covered": 0.0, "percent_statements_covered_display": "0", "num_branches": 12, "num_partial_branches": 0, "covered_branches": 0, "missing_branches": 12, "percent_branches_covered": 0.0, "percent_branches_covered_display": "0"}, "missing_lines": [33, 34, 37, 38, 40, 42, 43, 44, 46, 49, 50, 53, 54, 57, 58, 59, 62, 65, 66, 68, 69, 72, 74], "excluded_lines": [], "executed_branches": [], "missing_branches": [[33, 34], [33, 37], [42, 43], [42, 72], [49, 50], [49, 53], [53, 54], [53, 57], [58, 59], [58, 65], [68, 42], [68, 69]]}, "format_tool_suggestions": {"executed_lines": [], "summary": {"covered_lines": 0, "num_statements": 18, "percent_covered": 0.0, "percent_covered_display": "0", "missing_lines": 18, "excluded_lines": 0, "percent_statements_covered": 0.0, "percent_statements_covered_display": "0", "num_branches": 8, "num_partial_branches": 0, "covered_branches": 0, "missing_branches": 8, "percent_branches_covered": 0.0, "percent_branches_covered_display": "0"}, "missing_lines": [94, 97, 98, 99, 101, 102, 103, 104, 105, 106, 107, 109, 110, 111, 112, 114, 115, 117], "excluded_lines": [], "executed_branches": [], "missing_branches": [[97, 98], [97, 101], [101, 102], [101, 114], [104, 105], [104, 111], [106, 107], [106, 109]]}, "is_tool_not_found_error": {"executed_lines": [], "summary": {"covered_lines": 0, "num_statements": 2, "percent_covered": 0.0, "percent_covered_display": "0", "missing_lines": 2, "excluded_lines": 0, "percent_statements_covered": 0.0, "percent_statements_covered_display": "0", "num_branches": 0, "num_partial_branches": 0, "covered_branches": 0, "missing_branches": 0, "percent_branches_covered": 100.0, "percent_branches_covered_display": "100"}, "missing_lines": [129, 132], "excluded_lines": [], "executed_branches": [], "missing_branches": []}, "is_validation_error": {"executed_lines": [], "summary": {"covered_lines": 0, "num_statements": 2, "percent_covered": 0.0, "percent_covered_display": "0", "missing_lines": 2, "excluded_lines": 0, "percent_statements_covered": 0.0, "percent_statements_covered_display": "0", "num_branches": 0, "num_partial_branches": 0, "covered_branches": 0, "missing_branches": 0, "percent_branches_covered": 100.0, "percent_branches_covered_display": "100"}, "missing_lines": [149, 150], "excluded_lines": [], "executed_branches": [], "missing_branches": []}, "format_validation_error": {"executed_lines": [], "summary": {"covered_lines": 0, "num_statements": 21, "percent_covered": 0.0, "percent_covered_display": "0", "missing_lines": 21, "excluded_lines": 0, "percent_statements_covered": 0.0, "percent_statements_covered_display": "0", "num_branches": 6, "num_partial_branches": 0, "covered_branches": 0, "missing_branches": 6, "percent_branches_covered": 0.0, "percent_branches_covered_display": "0"}, "missing_lines": [176, 177, 180, 181, 182, 183, 185, 186, 187, 188, 189, 190, 192, 193, 194, 197, 199, 202, 203, 204, 206], "excluded_lines": [], "executed_branches": [], "missing_branches": [[180, 181], [180, 197], [182, 183], [182, 185], [187, 188], [187, 192]]}, "": {"executed_lines": [], "summary": {"covered_lines": 0, "num_statements": 9, "percent_covered": 0.0, "percent_covered_display": "0", "missing_lines": 9, "excluded_lines": 2, "percent_statements_covered": 0.0, "percent_statements_covered_display": "0", "num_branches": 0, "num_partial_branches": 0, "covered_branches": 0, "missing_branches": 0, "percent_branches_covered": 100.0, "percent_branches_covered_display": "100"}, "missing_lines": [3, 5, 6, 7, 13, 77, 120, 140, 159], "excluded_lines": [9, 10], "executed_branches": [], "missing_branches": []}}, "classes": {"": {"executed_lines": [], "summary": {"covered_lines": 0, "num_statements": 75, "percent_covered": 0.0, "percent_covered_display": "0", "missing_lines": 75, "excluded_lines": 2, "percent_statements_covered": 0.0, "percent_statements_covered_display": "0", "num_branches": 26, "num_partial_branches": 0, "covered_branches": 0, "missing_branches": 26, "percent_branches_covered": 0.0, "percent_branches_covered_display": "0"}, "missing_lines": [3, 5, 6, 7, 13, 33, 34, 37, 38, 40, 42, 43, 44, 46, 49, 50, 53, 54, 57, 58, 59, 62, 65, 66, 68, 69, 72, 74, 77, 94, 97, 98, 99, 101, 102, 103, 104, 105, 106, 107, 109, 110, 111, 112, 114, 115, 117, 120, 129, 132, 140, 149, 150, 159, 176, 177, 180, 181, 182, 183, 185, 186, 187, 188, 189, 190, 192, 193, 194, 197, 199, 202, 203, 204, 206], "excluded_lines": [9, 10], "executed_branches": [], "missing_branches": [[33, 34], [33, 37], [42, 43], [42, 72], [49, 50], [49, 53], [53, 54], [53, 57], [58, 59], [58, 65], [68, 42], [68, 69], [97, 98], [97, 101], [101, 102], [101, 114], [104, 105], [104, 111], [106, 107], [106, 109], [180, 181], [180, 197], [182, 183], [182, 185], [187, 188], [187, 192]]}}}}, "totals": {"covered_lines": 316, "num_statements": 1867, "percent_covered": 15.365952284674485, "percent_covered_display": "15", "missing_lines": 1551, "excluded_lines": 6, "percent_statements_covered": 16.925549009105517, "percent_statements_covered_display": "17", "num_branches": 606, "num_partial_branches": 20, "covered_branches": 64, "missing_branches": 542, "percent_branches_covered": 10.561056105610561, "percent_branches_covered_display": "11"}}